11:45:24.961 [scala-execution-context-global-14] INFO  HelperUtils.Parameters$ - Jbc4}ogKaQyV*LJ@vg69([ZI|K-$~u]z*EqX69,`*Ks<aN}~tszMH@L:`k
11:45:24.974 [scala-execution-context-global-14] WARN  HelperUtils.Parameters$ - SNM|csSoBa/H[X-r8~_&;G6tyA!}c.$>!#W3Li
11:45:24.988 [scala-execution-context-global-14] INFO  HelperUtils.Parameters$ - Tt`pWO&)<i}[.5
11:45:25.002 [scala-execution-context-global-14] INFO  HelperUtils.Parameters$ - 'OHGv48}Vde'w2AnT~ZP\U3NSOZlEPT+WM3(
11:45:25.015 [scala-execution-context-global-14] INFO  HelperUtils.Parameters$ - o$Jg$<:Z4%%AC)O8vcg1C8mag1ce2bf1L8wK6s#<yt3NMOO$*!\!
11:45:25.029 [scala-execution-context-global-14] INFO  HelperUtils.Parameters$ - [.f(R-O(H1W_A"UE*sIDrA>zA]`y2nxGu4
11:45:25.043 [scala-execution-context-global-14] DEBUG HelperUtils.Parameters$ - ~^@2rKf?7>"Fvr9:,I"[c/kb3"C0meYQwx=3zx?tT}Zb*`a1
11:45:25.055 [scala-execution-context-global-14] DEBUG HelperUtils.Parameters$ - PvdYWUkaRY/QB@N%~ZScFJ-`SCyd(Q'6Q0;`}!i:/GuD
11:45:25.067 [scala-execution-context-global-14] INFO  HelperUtils.Parameters$ - xtA8:42h30ZmpJ+OvX*5g(V)UeMCvPGtw*H?P-lovq<"*MbJ
11:45:25.080 [scala-execution-context-global-14] WARN  HelperUtils.Parameters$ - z(G!,.V@\SY{Cb{gkohBv3DX6[_yg7Q7Z.FzEb]thYVTv=XlZ9>"
11:45:25.094 [scala-execution-context-global-14] INFO  HelperUtils.Parameters$ - ~D)[A)(;!#yBD8yw?'X_(^'I/-+@6Owak|nyVLu9!i
11:45:25.107 [scala-execution-context-global-14] DEBUG HelperUtils.Parameters$ - E!6=*=ZJKG\_v@yZ6^$Ut<i<CSy8H"i2c!RJi1:;l9|0&A'b_'@D3n
11:45:25.121 [scala-execution-context-global-14] INFO  HelperUtils.Parameters$ - 9GGfAT*;P$MVAO-tPr/0
11:45:25.135 [scala-execution-context-global-14] INFO  HelperUtils.Parameters$ - FZ%fy})@So+5jK6,}&%g
11:45:25.147 [scala-execution-context-global-14] INFO  HelperUtils.Parameters$ - PPw:}jj\9#La?~g<NA}Ec7H,:=#l$nuFm[9~PG04hZ(.f5ndWB?N
11:45:25.160 [scala-execution-context-global-14] DEBUG HelperUtils.Parameters$ - --m2Stpb_FDQk.\y">-Q2VL^JN{$
11:45:25.173 [scala-execution-context-global-14] INFO  HelperUtils.Parameters$ - s~#vM~G0Ni#v_L^&99jI;Ev/g[FKTlz40JnA`7p0cw
11:45:25.187 [scala-execution-context-global-14] WARN  HelperUtils.Parameters$ - &}oQ'W8dw]Zk1[!P|RT{T>f`XI$]}^ws
11:45:25.202 [scala-execution-context-global-14] INFO  HelperUtils.Parameters$ - >@-,Z8C9Hz<nfg'^&VLEGza8[d~{DUi7rYr2p4:}:JVC9W9Tr2V>P>
11:45:25.215 [scala-execution-context-global-14] INFO  HelperUtils.Parameters$ - }Ye=cXoX$j(B*stcrK6B&|P9P??W*Sw#HSgOGqczFk6f_!|2^fb7Bc
11:45:25.228 [scala-execution-context-global-14] DEBUG HelperUtils.Parameters$ - pK>ZeESExH7xSbRNeR\:ry
11:45:25.241 [scala-execution-context-global-14] INFO  HelperUtils.Parameters$ - c/$\|"oBi+siI`+U9V`A/rNfr]:Vh5TnEKf8?Y8>w71DL'sCbM8M0^
11:45:25.255 [scala-execution-context-global-14] INFO  HelperUtils.Parameters$ - ;'aqxIAAoxUKyglV50f)AcGkM[=~`5`75P*,.1wA`$=JS'%f+\-jFP@60a
11:45:25.270 [scala-execution-context-global-14] WARN  HelperUtils.Parameters$ - {P<0!d[yEvPz
11:45:25.285 [scala-execution-context-global-14] WARN  HelperUtils.Parameters$ - &:[]=}6<q$uKzydD#Fw"ar@kC[(/jw_ZW1iC
11:45:25.297 [scala-execution-context-global-14] INFO  HelperUtils.Parameters$ - %hS$,-rvLP2zp1Va+$KORC#4M::f4Y?v"sM}x"/&M%
11:45:25.311 [scala-execution-context-global-14] DEBUG HelperUtils.Parameters$ - 'jp.OK+dlI*r)iioOEf26FyR(7VE7'XQCJ#6,eY;Z_"e7~o?z:Ve
11:45:25.325 [scala-execution-context-global-14] INFO  HelperUtils.Parameters$ - D!SW@i;GsQz=R<;D"tRt;"Lf/[`"l>`lL;HK
11:45:25.339 [scala-execution-context-global-14] WARN  HelperUtils.Parameters$ - %%l,iUwwT\2MW\b>\ALL6yPr~M_h#}u#^T9V'N@pt9;v"(/,jyMEl6)]
11:45:25.353 [scala-execution-context-global-14] INFO  HelperUtils.Parameters$ - Lo/1X3knqCY7B(60s41iP#'e2*0%uyu[S%I}H7&1+<lN/4v?>j`!qfok
11:45:25.367 [scala-execution-context-global-14] INFO  HelperUtils.Parameters$ - '$[18HcJ~u9R%'*4:w=9f&]m2_T#:ckX^M/=f2X}=v2i`_"TF#_z
11:45:25.381 [scala-execution-context-global-14] INFO  HelperUtils.Parameters$ - cR(]$J+zPgSwO7S0=@[I.,,D%iHgwL
11:45:25.394 [scala-execution-context-global-14] INFO  HelperUtils.Parameters$ - a.hLK|K=j;P{MKM~m8.Qc($X]%
11:45:25.409 [scala-execution-context-global-14] INFO  HelperUtils.Parameters$ - x9O8\iesCQLtNN}4Pa@(?4G{0HAk\T?-NU`b6{
11:45:25.422 [scala-execution-context-global-14] INFO  HelperUtils.Parameters$ - tQ}/}))f0J7'(^'WF|wGtiYu{nB_1xRFF&ZE'f(t4{
11:45:25.436 [scala-execution-context-global-14] INFO  HelperUtils.Parameters$ - "8*iy2#+wu*GxU01c<
11:45:25.450 [scala-execution-context-global-14] INFO  HelperUtils.Parameters$ - 4;E#<Qkcz\dX*]ek'"#oj[|82JMvp9g%t()u+oJ,92Wf@)>zN%H3n8(vkn
11:45:25.463 [scala-execution-context-global-14] INFO  HelperUtils.Parameters$ - K"aLQ>ODm_!<UV,X"~D_iZ-_Y_{uG*9>;^"p.yQ;HNq=
11:45:25.476 [scala-execution-context-global-14] WARN  HelperUtils.Parameters$ - 2WJoOCUuigJo76jyI<`#%kRW}$r:]dcu:9imSHTu'n>(augj@+^<
11:45:25.489 [scala-execution-context-global-14] WARN  HelperUtils.Parameters$ - 8D]Bu;$wQ9>&M+Y{-%15"|?5lZ'GRqTHOV9O@v}O}gbE-fye9aEA%H
11:45:25.501 [scala-execution-context-global-14] WARN  HelperUtils.Parameters$ - HSKLMn5<5M-ipf.%F)%ovgGw
11:45:25.515 [scala-execution-context-global-14] INFO  HelperUtils.Parameters$ - [d@Wjj+TQfSYHa0Cg9My+KIE
11:45:25.528 [scala-execution-context-global-14] INFO  HelperUtils.Parameters$ - {<Y.Da>Q8ocWNQZO#dWl'pVA"\,[jTLNL`AOv.&P,Ztkc>X8x&=<P!<Y/2
11:45:25.542 [scala-execution-context-global-14] INFO  HelperUtils.Parameters$ - 8-?7"{b)Y0kNP&w+^**Q4;TKrK1X
11:45:25.554 [scala-execution-context-global-14] INFO  HelperUtils.Parameters$ - }Y84LZJ8JNM'JkT49CC9rWaiAW%IM%}O!u
11:45:25.568 [scala-execution-context-global-14] INFO  HelperUtils.Parameters$ - fQj`:x}Roap(^sg3m[IN]-kSlmlsGziYP4uuqH){i:\k
11:45:25.583 [scala-execution-context-global-14] WARN  HelperUtils.Parameters$ - Huoyb7I_2'H>z<qGz]G,RzV{
11:45:25.597 [scala-execution-context-global-14] INFO  HelperUtils.Parameters$ - k7+pq[)m*C\vrWzZ[I[cmxP%+j
11:45:25.608 [scala-execution-context-global-14] DEBUG HelperUtils.Parameters$ - V<w-=,$={+/3ud][v)V(SpacLa
11:45:25.622 [scala-execution-context-global-14] INFO  HelperUtils.Parameters$ - `Bl5<]pH]+Hs:M;>V(if$u()F=25x4h(IlkXQ>)E$n%u2M-|nzfQ
11:45:25.634 [scala-execution-context-global-14] WARN  HelperUtils.Parameters$ - S(+:b,X]NujDO#)wZq
11:45:25.645 [scala-execution-context-global-14] INFO  HelperUtils.Parameters$ - tU/hK3$SLK`I
11:45:25.660 [scala-execution-context-global-14] INFO  HelperUtils.Parameters$ - ]~f#'"Io:,_|Qc8~>8rqKj`M\#mu?Q@DWXR|#wC"+]mtq.n!{%
11:45:25.676 [scala-execution-context-global-14] INFO  HelperUtils.Parameters$ - MdB(z7*fM>,R2gp3b.o0mLtrO)v@>5Ln^t
11:45:25.689 [scala-execution-context-global-14] INFO  HelperUtils.Parameters$ - a;!BNRE5LbmiE&t[v^/|s7!L$,
11:45:25.702 [scala-execution-context-global-14] INFO  HelperUtils.Parameters$ - `VH@2NJ14^{7"5)%
11:45:25.715 [scala-execution-context-global-14] INFO  HelperUtils.Parameters$ - @wMa[ZtVnO|L
11:45:25.727 [scala-execution-context-global-14] INFO  HelperUtils.Parameters$ - DmP)$Xf`E8&eW)
11:45:25.740 [scala-execution-context-global-14] INFO  HelperUtils.Parameters$ - Dg>,V&7fo$:h6`;30\hJ#11If($Y%Im*MFx%WAM)
11:45:25.754 [scala-execution-context-global-14] DEBUG HelperUtils.Parameters$ - rye'ki1PoZa:|Yt&yq1^x2;m~Oai
11:45:25.768 [scala-execution-context-global-14] INFO  HelperUtils.Parameters$ - ?AqKXw8z1eOCkG:0L9ht>QlmYp{hyEJysQ1_W%e&uK@}74b0
11:45:25.781 [scala-execution-context-global-14] INFO  HelperUtils.Parameters$ - bH7[3Jr;_OmO*CkZ5P]8OPixv;zBRSbAn.Z+
11:45:25.793 [scala-execution-context-global-14] INFO  HelperUtils.Parameters$ - MO45s|8?zSgWKYM63eVXPve7bA!8^<Fa"|gj
11:45:25.807 [scala-execution-context-global-14] WARN  HelperUtils.Parameters$ - !svt!v8.(g6A9.7Hc:IH42XY)5PN-A
11:45:25.819 [scala-execution-context-global-14] INFO  HelperUtils.Parameters$ - LB@Zi@u5C3)?L(2d.{ks{B
11:45:25.834 [scala-execution-context-global-14] INFO  HelperUtils.Parameters$ - .yseC)8BS6Hz$_[g*SM;x:Enfk5KK7OGN2c*[H&r%9,5]/[r$ZC"p]zvVNVM
11:45:25.847 [scala-execution-context-global-14] WARN  HelperUtils.Parameters$ - 3Kx&~iR1NF2VT[cLP[q$$")T{c+DQ;`4=qdQ0y-\Bz\UrT4&NZ
11:45:25.860 [scala-execution-context-global-14] WARN  HelperUtils.Parameters$ - 2jO&pg,]R9hs{zwYvz.)HR[.
11:45:25.872 [scala-execution-context-global-14] INFO  HelperUtils.Parameters$ - c^p4DD+TB7(I9Mn2o.cdWq?2A!dT&muS"9
11:45:25.888 [scala-execution-context-global-14] INFO  HelperUtils.Parameters$ - i"A:<9La4]Xvo_p(OF-PAzj`>`;ql)X/X6k9T)\J_lT$tGXg~Fg$FN2Vxf5(
11:45:25.901 [scala-execution-context-global-14] INFO  HelperUtils.Parameters$ - `q)$qvcB(&5*9tYJ}ygCI}6j:v2Nq$
11:45:25.916 [scala-execution-context-global-14] INFO  HelperUtils.Parameters$ - ~G^NzDr;4`.e\|I=8Lq2'w7X+&q-=7S|[3lsD?Zo'7vSn6j#dc>}sPMD[s
11:45:25.931 [scala-execution-context-global-14] INFO  HelperUtils.Parameters$ - ^g3?R,5:I0}ajS/YKO&E
11:45:25.945 [scala-execution-context-global-14] INFO  HelperUtils.Parameters$ - iTlSNmMobV/1-}CJ$'Cq/!cZw^
11:45:25.957 [scala-execution-context-global-14] WARN  HelperUtils.Parameters$ - >y@T,{c>a{^x?h@i/OS~wyz@XPt~#^xDyZA}7lO/
11:45:25.971 [scala-execution-context-global-14] WARN  HelperUtils.Parameters$ - m<]B>$\kR~1@C't/,/`}{)lCw)Y^(xGx#e%P4P|+fc|Q~@QLRd}!.?=s#o
11:45:25.984 [scala-execution-context-global-14] INFO  HelperUtils.Parameters$ - A8-@Op(-iH(a'B2/G4}z6-W9NWvH
11:45:25.998 [scala-execution-context-global-14] WARN  HelperUtils.Parameters$ - dMDtl<b]$]e5BzP}tEZkV?N7p:
11:45:26.012 [scala-execution-context-global-14] WARN  HelperUtils.Parameters$ - "}>EcK1`\)-Qgl^x}wtI@oF3`<AUqZ3QVB9EAN\u
11:45:26.027 [scala-execution-context-global-14] DEBUG HelperUtils.Parameters$ - :k*-Ffk<VSzobUw.$}2bL4fvG3~hYHC~}UpxH:|Ge_kGI_.vF=k)[<`R
11:45:26.042 [scala-execution-context-global-14] INFO  HelperUtils.Parameters$ - _u,<[}l,RhSQfa$^ji`fDx*;>c-EB&epc3?}1c
11:45:26.056 [scala-execution-context-global-14] INFO  HelperUtils.Parameters$ - N2XExzzC7^?~9(aP
11:45:26.071 [scala-execution-context-global-14] INFO  HelperUtils.Parameters$ - eY99EMmb`S>DI].:=h7'(kzE9(
11:45:26.085 [scala-execution-context-global-14] INFO  HelperUtils.Parameters$ - L0u!A/4b:DO1z."K44@{T!o`J.ArNPr'zMk,~Cpb32eut8
11:45:26.097 [scala-execution-context-global-14] INFO  HelperUtils.Parameters$ - +Rk_XjqkJd|rsB}aTS{Gpd*'e0
11:45:26.111 [scala-execution-context-global-14] INFO  HelperUtils.Parameters$ - ID1~r6Eyj^"40q{{_{*XfK]]n@\_^cEUYP
11:45:26.124 [scala-execution-context-global-14] WARN  HelperUtils.Parameters$ - Mq\V+%rRK}Nj/O<DsP
11:45:26.139 [scala-execution-context-global-14] INFO  HelperUtils.Parameters$ - 9]x3rZ_|oG2moVcj8]3inp
11:45:26.153 [scala-execution-context-global-14] INFO  HelperUtils.Parameters$ - oK">m9}24(Z@//2VIJg,n"m{tge*[A);YN|lpPWRRiC~9iUqS\Ev}X[m*`1)
11:45:26.168 [scala-execution-context-global-14] INFO  HelperUtils.Parameters$ - >4Nrf],o%kqjHNG5`~P6?0$NVngM?U;!k}
11:45:26.183 [scala-execution-context-global-14] DEBUG HelperUtils.Parameters$ - D6[xZR#ZHjW')I*&ehq}~YDR)6-]G:RSq]H!@]yjuE-q,~LfM3lt#_hV
11:45:26.195 [scala-execution-context-global-14] INFO  HelperUtils.Parameters$ - F6b=B*G)":6<
11:45:26.210 [scala-execution-context-global-14] WARN  HelperUtils.Parameters$ - '3"/JnJ!qyW%$/XBR{I=rPXF
11:45:26.227 [scala-execution-context-global-14] WARN  HelperUtils.Parameters$ - wf&%3;]>]21asggG`"#oq.?(deb?hq-[.ei(+Zt6>eVSCt$7'g3riK6:8-GY
11:45:26.241 [scala-execution-context-global-14] WARN  HelperUtils.Parameters$ - 9Rt4{.R9mL*!oqM@=fMGT]d!XL6$6]v<UZ
11:45:26.254 [scala-execution-context-global-14] INFO  HelperUtils.Parameters$ - 1AL8OL6cy2Ga`>DXh~zW!Q
11:45:26.267 [scala-execution-context-global-14] INFO  HelperUtils.Parameters$ - $9{&d;w(B}ik&0[o44!I*+Bbm}K!!65nDNexQ/]AcIJJ1biUOO
11:45:26.281 [scala-execution-context-global-14] INFO  HelperUtils.Parameters$ - 9A0y`f:frc$r-.5Vj.OZZGbclv`\eI\tu6Dpl3%X0r
11:45:26.293 [scala-execution-context-global-14] DEBUG HelperUtils.Parameters$ - gr[F@Ge$?OJa.r=-/3&ljbLTcVE4\&=R~gFHfDe5CG$Gi_
11:45:26.307 [scala-execution-context-global-14] INFO  HelperUtils.Parameters$ - r0.{<&?k3BPB<XAY[@7e72'e1[3ON'mH!"I~(;S}Ob\]X=6x9p(xy0K*
11:45:26.322 [scala-execution-context-global-14] WARN  HelperUtils.Parameters$ - 292*O}p[aFIp4rj+nvs(pZ)~y-cU[bg"17cI-9-!K%%n
11:45:26.335 [scala-execution-context-global-14] INFO  HelperUtils.Parameters$ - k^5riLQ2'na%B]46o@uyl{35_I=0@9Cn#jMMtd%t(1cs
11:45:26.347 [scala-execution-context-global-14] DEBUG HelperUtils.Parameters$ - DQ5i_#:$3j.TWjP7e?)0.M6}-sIgrNJ5a\Xl;Sju?PVoZT4-:Z%A
11:45:26.360 [scala-execution-context-global-14] INFO  HelperUtils.Parameters$ - ;M'."FO-*|CvubkLI}y~Feb]>dpm/nhK.dvtO/$ROrkoiF<$*WDK@!t0
11:45:26.374 [scala-execution-context-global-14] WARN  HelperUtils.Parameters$ - S`<YY+1p;$)I''HS89Y=|NnoXi:xTGL$JC+%6]>b
11:45:26.388 [scala-execution-context-global-14] INFO  HelperUtils.Parameters$ - {!&_-Ozac{GRqG>dMO7m^r/eNr#zji@S==HdG,_`K^ChPvJn
11:45:26.403 [scala-execution-context-global-14] INFO  HelperUtils.Parameters$ - |v;nagf"7)FjZ:nV<F|nEm>'
11:45:26.415 [scala-execution-context-global-14] INFO  HelperUtils.Parameters$ - -,JZEC7sgfU(7YDX<zK#~/58b}?=
11:45:26.429 [scala-execution-context-global-14] WARN  HelperUtils.Parameters$ - n7bYd)Rb#T6E7m;+u</GB!+:?!?NQ}#kCx)s_>A5#Ol/V}~%x)DB]m
11:45:26.444 [scala-execution-context-global-14] WARN  HelperUtils.Parameters$ - +ROu_,./j(u96'm\VV6]X4$-'?u=j3+%Twvt2WLPHk5hy:&LFK~n@[
11:45:26.457 [scala-execution-context-global-14] INFO  HelperUtils.Parameters$ - ?axlP$I<6<C:m;&iB?FIINU?>A<D.pHi-:ri?&|iMS
11:45:26.472 [scala-execution-context-global-14] INFO  HelperUtils.Parameters$ - ?\NQ+/aNc4zLIC+Gh}MZ"\
11:45:26.486 [scala-execution-context-global-14] DEBUG HelperUtils.Parameters$ - #NiWlr6pzfvGjNcSv~\nDPFCe@StMj&$p"$y
11:45:26.500 [scala-execution-context-global-14] INFO  HelperUtils.Parameters$ - 1G)T|\GR'ZY8B"*~GA!ZllFzhS8C7$|AA,NysvUCIhGe_z`,jR&25q
11:45:26.514 [scala-execution-context-global-14] INFO  HelperUtils.Parameters$ - T<1hD`R{rh<&;MlYa7^wnlV,nM;iC6MbyEb1E=SyM5~k.Ip'
11:45:26.529 [scala-execution-context-global-14] INFO  HelperUtils.Parameters$ - (o`<'Ym/LLRJ;WK8XMRJ!ARLz{<H\#0Cel&@Mx3cEXN`P4>pCb6,cz1%
11:45:26.544 [scala-execution-context-global-14] INFO  HelperUtils.Parameters$ - -F-=J\\vm4$GDE=xq=L<
11:45:26.557 [scala-execution-context-global-14] INFO  HelperUtils.Parameters$ - 3%NS,_D)xU']V5X@m3x-
11:45:26.571 [scala-execution-context-global-14] INFO  HelperUtils.Parameters$ - :8Qxc+[/8#<;_x_8o!{0P-)eis{/>xP~#P7<'?*V0g\$%fGWEDCpt@|<dF=9
11:45:26.586 [scala-execution-context-global-14] DEBUG HelperUtils.Parameters$ - i9CpfLN3%cNM4&@)Aph](gr:ka8VKJ&7
11:45:26.598 [scala-execution-context-global-14] INFO  HelperUtils.Parameters$ - aTM^D6_[(,Adb;+ct#A!Q*:*
11:45:26.611 [scala-execution-context-global-14] INFO  HelperUtils.Parameters$ - i.)r32)wa\9k<L*j>af3P8vbg0bf2be3Xo!\M=W<}U|/X=bgC
11:45:26.625 [scala-execution-context-global-14] DEBUG HelperUtils.Parameters$ - ?#y5gM6%T$f[OY@xJ$BF&qMpEwQ_DKBa2KT$X7-]N;09xn
11:45:26.637 [scala-execution-context-global-14] INFO  HelperUtils.Parameters$ - *PD,l`DcWkDH-0rvr}Pof=^-s]\XK47G>Gw>m{&[2E}]hue[
11:45:26.650 [scala-execution-context-global-14] WARN  HelperUtils.Parameters$ - wm%+9<{k-e77aZ"|2L03<@X{l]Q4P6)#Phx)gY}")Ult
11:45:26.663 [scala-execution-context-global-14] INFO  HelperUtils.Parameters$ - k%X5BFu67zN|j2|t^sB/'V75(MAoSs-g'],vqu[E~1;T;9
11:45:26.677 [scala-execution-context-global-14] WARN  HelperUtils.Parameters$ - Ck;!55D-bg3G8fS7nR6tcg3T8lUNVk)P&w
11:45:26.691 [scala-execution-context-global-14] WARN  HelperUtils.Parameters$ - hyjPJNh8_88UPn!AZJJaWr(9
11:45:26.705 [scala-execution-context-global-14] INFO  HelperUtils.Parameters$ - P5gdyae;&'`Oxcgc#ZPA+NaD"xgl%#&-Mzy^yI9^HAb$od7TdRuP>5~rPBgS
11:45:26.718 [scala-execution-context-global-14] INFO  HelperUtils.Parameters$ - urU|.sZ'0"!k'Zn>cg2W7jae2V7kag2U9uJ8lF5mbf1})/d@\ZkIWA8g~11
11:45:26.734 [scala-execution-context-global-14] WARN  HelperUtils.Parameters$ - LpoFZ#3(sZIc!votj#
11:45:26.749 [scala-execution-context-global-14] INFO  HelperUtils.Parameters$ - ~`K-r])1r\jEpy50juZ9vEnJ6B!|#^we$T-v0ScabH36c+tQJ^a.
11:45:26.763 [scala-execution-context-global-14] INFO  HelperUtils.Parameters$ - )O9{3jQQ2$3ut,}'nJM'{&aIgZ
11:45:26.777 [scala-execution-context-global-14] WARN  HelperUtils.Parameters$ - ,>?h'n)U5mS9hbg0cg2ae20yI|If!
11:45:26.791 [scala-execution-context-global-14] INFO  HelperUtils.Parameters$ - ZK]$ydE\`-w6It#)giHK3Bk4x+<A5e
11:45:26.806 [scala-execution-context-global-14] INFO  HelperUtils.Parameters$ - 7?e+[GUNxF<g\|"\UH
11:45:26.819 [scala-execution-context-global-14] WARN  HelperUtils.Parameters$ - aRX+_zk`v(C7?}k02w(Ow>NL0#Xk.b
11:45:26.833 [scala-execution-context-global-14] WARN  HelperUtils.Parameters$ - g2eSmw}{Qbk5^Z{Q"lAIfj{b>}3<Hk{*'Wb[j_y`,Ay:2gUBu`@*%/
11:45:26.847 [scala-execution-context-global-14] INFO  HelperUtils.Parameters$ - [TMjzE"scto`(_lBzZ?Bx|k\Eu%POyU2!yaMFEXbUCZ"^a31HV9i.zN,0O
11:45:26.860 [scala-execution-context-global-14] WARN  HelperUtils.Parameters$ - 8,]*pO~Gtck,wQ:3x3Ao_}x8J|p^Q<$C+5`Y!Q}"HuR]2+rW[N
11:45:26.874 [scala-execution-context-global-14] DEBUG HelperUtils.Parameters$ - k:WmBC6,4~YpRm?0N{`%$_w-3bW[>,CR=}x*4g@S)q9ImOx]T~r=?-U]I1
11:45:26.888 [scala-execution-context-global-14] INFO  HelperUtils.Parameters$ - msSzK$krpIz-u4[Qvc3m:cPu.TJoS)7AKD$l`J[,x[=C%7z]FD|D{9R}q3
11:45:26.902 [scala-execution-context-global-14] INFO  HelperUtils.Parameters$ - vC}zyEs:mer*AI?M1p8\x>
11:45:26.918 [scala-execution-context-global-14] INFO  HelperUtils.Parameters$ - >TrE(eYMS*B.k_N/w[2+&01??K>g7\WPg6Z<!8~T'-FTTrpv
11:45:26.932 [scala-execution-context-global-14] INFO  HelperUtils.Parameters$ - )SHq&/R#K>Y+>1@iSb
11:45:26.946 [scala-execution-context-global-14] INFO  HelperUtils.Parameters$ - :/q$'eT/oINYvSQ/FP:YuGGG|U:U%}kSrHdY#P
11:45:26.960 [scala-execution-context-global-14] WARN  HelperUtils.Parameters$ - -jhOsg#7?g(`$1%/]g|f
11:45:26.975 [scala-execution-context-global-14] INFO  HelperUtils.Parameters$ - "f8kc<W&x6!,%=K@wK,mE"1gotopdJ>G$xeAxBcwn)nV
11:45:26.990 [scala-execution-context-global-14] WARN  HelperUtils.Parameters$ - ^S:8"Gs$1eNxp1'jr-54wB>tU9H:TCINcW`kiAp_CP
11:45:27.003 [scala-execution-context-global-14] INFO  HelperUtils.Parameters$ - !pZJ`_ZH<6YE{)3#{R
11:45:27.016 [scala-execution-context-global-14] INFO  HelperUtils.Parameters$ - Z}C<[C=s^?T.kXAcg~j`BOlDeDbXT1QgV%x1
11:45:27.029 [scala-execution-context-global-14] INFO  HelperUtils.Parameters$ - [sDI[CNG((.^fd'LN4#90~nLqnJ@8Wf2Z&4EW}Pn:e5]:VrYY8/A'9518"@q
11:45:27.042 [scala-execution-context-global-14] INFO  HelperUtils.Parameters$ - #?Nld/c1q+e9do&JWKS7kbg3E5qW6sM7pX8oK6obg21b9x}/'5]).o||x7hm
11:45:27.055 [scala-execution-context-global-14] INFO  HelperUtils.Parameters$ - H,dm^%H)*0[3`FXqF]8`EC"5cZ:_|aG'NqD?p>$(l(MzM^%Ru5D8
11:45:27.068 [scala-execution-context-global-14] INFO  HelperUtils.Parameters$ - ,?J10B^C<skRySq9K_Quk{
11:45:27.082 [scala-execution-context-global-14] INFO  HelperUtils.Parameters$ - TykR7R>6uNNo*ZO,X4+%.\Sim!!=s$%\4uhWXT8{pr'L]}x8l!#}UA*LC!
11:45:27.096 [scala-execution-context-global-14] INFO  HelperUtils.Parameters$ - DmO_lkP5jXW*|K+GJL6g'"QtHSnRzg8KTGX|
11:45:27.109 [scala-execution-context-global-14] WARN  HelperUtils.Parameters$ - .]jXTn_9H.b%Nag2C7fI5lN8mP9qbe1ag1:=ee7]s1-qeVz
11:45:27.123 [scala-execution-context-global-14] INFO  HelperUtils.Parameters$ - "pH_t]x5jhn1Q0|svF"IMS_WBc`p}sT>>bK3
11:45:27.137 [scala-execution-context-global-14] INFO  HelperUtils.Parameters$ - ei6lJsw#EmBt,Gnp*It.,\`PcZFk*C")e8vB${
11:45:27.151 [scala-execution-context-global-14] WARN  HelperUtils.Parameters$ - drdwRy7=MKzCC7(F`Z1&:!2phoJI
11:45:27.165 [scala-execution-context-global-14] INFO  HelperUtils.Parameters$ - 1hxOxwcuanE-`]:U
11:45:27.179 [scala-execution-context-global-14] INFO  HelperUtils.Parameters$ - b:o+AKI_C!"c^q\LMF,7++
11:45:27.193 [scala-execution-context-global-14] WARN  HelperUtils.Parameters$ - 17_P(WL!;^I'LV,m3}~l)Y%<'ms(@2.Z%6(bNR"8*S4G<XA)
11:45:27.207 [scala-execution-context-global-14] INFO  HelperUtils.Parameters$ - >&zWd(>r\J.)9U)$*5<l\B]h~oOaOAg'%JeK\Fg]
11:45:27.221 [scala-execution-context-global-14] INFO  HelperUtils.Parameters$ - 6{gC[,;nLrU^El49\_"IW8:N~uQ8
11:45:27.235 [scala-execution-context-global-14] INFO  HelperUtils.Parameters$ - yJpPRlA4"qV8V_`m.EcI8l%wHsJcUYEB#}2.P!|m
11:45:27.249 [scala-execution-context-global-14] WARN  HelperUtils.Parameters$ - h51Oz&#A1n<&`v*+R4Eh[[b=0ocLaO"atQ
11:45:27.263 [scala-execution-context-global-14] INFO  HelperUtils.Parameters$ - v\S,9if7&d_9y3$"v$6|zCON?I7.M8cf-T<ZB}l<rOU#;"#'AskSbo'$Ch
11:45:27.276 [scala-execution-context-global-14] WARN  HelperUtils.Parameters$ - WP)iZ`a~G{c3al
11:45:27.291 [scala-execution-context-global-14] WARN  HelperUtils.Parameters$ - A|}qRbwGdpyPw6oM\JEQte{F0^
11:45:27.304 [scala-execution-context-global-14] INFO  HelperUtils.Parameters$ - j#1eTDqOd;~oHL3+|ghe[9f;T4wdZa{cugiJBv%M,;4Q,|?0VV
11:45:27.319 [scala-execution-context-global-14] INFO  HelperUtils.Parameters$ - }=}"S&yC.MWI8-wkW::QkHP6=:uR1LXpeSuEU{u6b'WqjZIt~s%A;8IOi0
11:45:27.332 [scala-execution-context-global-14] INFO  HelperUtils.Parameters$ - {IW;tb:(#Nd5y?{+y=fJ?10v>N:VBy/J%MfB
11:45:27.346 [scala-execution-context-global-14] INFO  HelperUtils.Parameters$ - r}Mz[Nd[UCpx@/vf8uvK{&71C$HwTg*WvS9j~^
11:45:27.359 [scala-execution-context-global-14] INFO  HelperUtils.Parameters$ - 2@$#%~JrRMH8jag1ag2ae2L6v{cs^q50mv\
11:45:27.373 [scala-execution-context-global-14] WARN  HelperUtils.Parameters$ - m]$8UJ]#T]c=lv(z
11:45:27.385 [scala-execution-context-global-14] INFO  HelperUtils.Parameters$ - 6+c~OU#`\94HNR"[n.IUfy})}ace1Q9gQ8kcg1H6sN8s(i0fUKZtDpAR"ym+t~_K,qzYqJ
11:45:27.400 [scala-execution-context-global-14] INFO  HelperUtils.Parameters$ - K+('`$44~BKmcDgHRpDkGtZ6`6OF
11:45:27.414 [scala-execution-context-global-14] DEBUG HelperUtils.Parameters$ - :P>M^D3ZfUd'0-=t]vaugma#?qaSpL
11:45:27.426 [scala-execution-context-global-14] INFO  HelperUtils.Parameters$ - :+SpaR-dA61_s#RU3(j,jMkRgD3A3$sGZ7;x|{3+Pap&UfBLm4$uIP{_cwGE
11:45:27.439 [scala-execution-context-global-14] DEBUG HelperUtils.Parameters$ - a(5pcHY09>G.Gb
11:45:27.453 [scala-execution-context-global-14] WARN  HelperUtils.Parameters$ - 3rM;pyg.KBLun)eeYd+=#8]{#Uu7FNp;(6c4T7E"EDjo
11:45:27.467 [scala-execution-context-global-14] WARN  HelperUtils.Parameters$ - 5`7If7i1o6>3"s}qo87D
11:45:27.481 [scala-execution-context-global-14] INFO  HelperUtils.Parameters$ - ^gCI@\^Uy"2X^oTh*i3>9:hYl}lMKhz$D9iwRZbc7L{(
11:45:27.493 [scala-execution-context-global-14] INFO  HelperUtils.Parameters$ - osprrjrF\N0P
11:45:27.507 [scala-execution-context-global-14] INFO  HelperUtils.Parameters$ - rjF^>OL+TTbII+/0\qEE.fnKlUj??{E_alt&z02N[\8neHeGX'
11:45:27.521 [scala-execution-context-global-14] INFO  HelperUtils.Parameters$ - Km/JwJdktmQUmXUQfDeInc|/`^([^Tg59$gfrkw;zwRrh|(@(eDS-}
11:45:27.534 [scala-execution-context-global-14] DEBUG HelperUtils.Parameters$ - nxHh}t`PH^{0!z
11:45:27.551 [scala-execution-context-global-14] INFO  HelperUtils.Parameters$ - /o%CkQe&qBW\ZL6ES2(/yeyJRoBV/V184G
11:45:27.566 [scala-execution-context-global-14] DEBUG HelperUtils.Parameters$ - Ak/mW_F92:(.D)j:hqE0-jixl]RqO-
11:45:27.581 [scala-execution-context-global-14] INFO  HelperUtils.Parameters$ - v~uydPjG{HwN('=o
11:45:27.595 [scala-execution-context-global-14] INFO  HelperUtils.Parameters$ - zP;a&$$L:Pt(s%/<84{.zrH6hGL(y1=jx5T'?^=0LQit
11:45:27.607 [scala-execution-context-global-14] INFO  HelperUtils.Parameters$ - d7|?-#`NtX@g$!nN8wzUu7o.\r$MFI}ur~*}T1W8.N3Vibzu;mU^awhDUo
11:45:27.620 [scala-execution-context-global-14] INFO  HelperUtils.Parameters$ - nq0_rG)YBR_V2H`NaMPl0*Eap@bG0`(TH<
11:45:27.634 [scala-execution-context-global-14] INFO  HelperUtils.Parameters$ - GP9N,wx}~MCm
11:45:27.647 [scala-execution-context-global-14] WARN  HelperUtils.Parameters$ - JtTUu[xMH?}7BO.6PctA*(zxap;]Idw(#$rx<-dl0fL4D)Y~6D
11:45:27.660 [scala-execution-context-global-14] INFO  HelperUtils.Parameters$ - s:0H#&'{Okx2-:yhVZ}guQ'L
11:45:27.673 [scala-execution-context-global-14] INFO  HelperUtils.Parameters$ - H{OiL]wKqi9`*yt*Ot\4
11:45:27.687 [scala-execution-context-global-14] WARN  HelperUtils.Parameters$ - e:3P=DXO`c$w:4vcLBMwJ-s"4`cm%S13~7ea%X014>Ff
11:45:27.701 [scala-execution-context-global-14] DEBUG HelperUtils.Parameters$ - 8cxXld-Uo,gFEWprX_(#@Rf~"<B6rag3F9kbg0ag2X6saf0q#VGSBD@Cb'PaQu<8taXeywPIL
11:45:27.715 [scala-execution-context-global-14] WARN  HelperUtils.Parameters$ - uPG.\~\/7:{2U*4nXul<S(U9Xa_-aIngUe
11:45:27.729 [scala-execution-context-global-14] WARN  HelperUtils.Parameters$ - <c=PLwAh7,HM
11:45:27.745 [scala-execution-context-global-14] INFO  HelperUtils.Parameters$ - E3F4_Ebf3cf3K5jbg3W8fH5\bUb
11:45:27.758 [scala-execution-context-global-14] INFO  HelperUtils.Parameters$ - WC)tmR~4&*OY
11:45:27.772 [scala-execution-context-global-14] INFO  HelperUtils.Parameters$ - >3Zv@87gXXcN-8L`[[8xK,wrJdA!K<tI~h$$%RZK(x#Q!05}lk+*wZ8A{uR#
11:45:27.784 [scala-execution-context-global-14] INFO  HelperUtils.Parameters$ - 'OtzRl9EaW/|7};I~>n,?wQ3
11:45:27.798 [scala-execution-context-global-14] INFO  HelperUtils.Parameters$ - `C!n?yP$*r7Xtm$OF>s5j0Ci60_hx1q\~Z
11:45:27.811 [scala-execution-context-global-14] INFO  HelperUtils.Parameters$ - ]+t1"w4.kJAcEw
11:45:27.825 [scala-execution-context-global-14] WARN  HelperUtils.Parameters$ - ~pv+e4^kD]>T
11:45:27.839 [scala-execution-context-global-14] INFO  HelperUtils.Parameters$ - 2K$jb->/Re~:[[XF+/]!pba*1OzrDg5ZnGt4/9Ms{C&xRn;%*G
11:45:27.852 [scala-execution-context-global-14] INFO  HelperUtils.Parameters$ - Oa>LZ_B:"3g#I9Cu1SsH^ZW{Hmaa56&[@Yn`p6;;v+bp=`XKxlS0yXx"70TT
11:45:27.866 [scala-execution-context-global-14] INFO  HelperUtils.Parameters$ - 3%Bl6f^I?q\V\M
11:45:27.879 [scala-execution-context-global-14] INFO  HelperUtils.Parameters$ - f=|b5X@SzW*h
11:45:27.894 [scala-execution-context-global-14] ERROR HelperUtils.Parameters$ - khf8@g[00B\1*W<3eb-ZN2>\cdvX9c4iW)roI)s~
11:45:27.907 [scala-execution-context-global-14] INFO  HelperUtils.Parameters$ - V!Dd|jIh1jzMdRvQ+53=K&?U)r
11:45:27.922 [scala-execution-context-global-14] INFO  HelperUtils.Parameters$ - qAiD/@2TI57}`7+cf1C6nG8vO9iD7kpzlCV^<arOsQsYQ
11:45:27.935 [scala-execution-context-global-14] INFO  HelperUtils.Parameters$ - '[4>WiG2ej:)pSBab?`5kn)88R0=j7E*8Y9[
11:45:27.948 [scala-execution-context-global-14] INFO  HelperUtils.Parameters$ - NHR}h0[&AFPG)yHO{YJ5nJ9nV7rae1L8lP`ltIUjsz0y=+,(fdE
11:45:27.962 [scala-execution-context-global-14] DEBUG HelperUtils.Parameters$ - k"."Z${<T(]$<;`F77d938nwU>EDYK
11:45:27.975 [scala-execution-context-global-14] INFO  HelperUtils.Parameters$ - +fj~GJKCAQuG1sRiZ^T?{'k$r`Ket[[di.
11:45:27.988 [scala-execution-context-global-14] DEBUG HelperUtils.Parameters$ - V)'tH&:0X-v!W>kN1(Ai&2T$:*uZksi~2nW<
11:45:28.001 [scala-execution-context-global-14] INFO  HelperUtils.Parameters$ - PJ`!{/F{E0!h|`6)qLC)#$Up'{zZ1}Q|T(zC=$cIp-?h_t6;R-@Yp@
11:45:28.015 [scala-execution-context-global-14] INFO  HelperUtils.Parameters$ - <y;iP}Bxh;tS#n^b1^js\`2>9Ec<dG~YhiXAun)izCw4PEhpt"IYTQ
11:45:28.029 [scala-execution-context-global-14] WARN  HelperUtils.Parameters$ - s"l_Uz*Kz$+}=$xi%WPXRsG,iaVx:NFjC~YW1F6JKz-Yg)j7SX
11:45:28.043 [scala-execution-context-global-14] DEBUG HelperUtils.Parameters$ - QnC}=v&8fCE&d(W\cAbg2J6wcf3H7ice3bg0L8ptYVAl:lY8C'I]$>nQs
11:45:28.056 [scala-execution-context-global-14] INFO  HelperUtils.Parameters$ - Qa&<)H~)28;CH1$8H-96;2tXd[O(|c
11:45:28.070 [scala-execution-context-global-14] DEBUG HelperUtils.Parameters$ - j6_r+~oFU(~MArN"m?
11:45:28.084 [scala-execution-context-global-14] INFO  HelperUtils.Parameters$ - Tb5fu8irw}r+2E=l'7>5P)4j
11:45:28.098 [scala-execution-context-global-14] WARN  HelperUtils.Parameters$ - 1}UhO'vwj[D.b.g_0&%V<Ih}veAPSm-`W9s7Kp84P>,v)6xK;+2iYmi~t_Bq
11:45:28.111 [scala-execution-context-global-14] INFO  HelperUtils.Parameters$ - TIelK'Y<,Q7&!rX0,9[f)Mz\m2-V~csjx}3t3hLE3K{!R<TL<XLHs1-w
11:45:28.124 [scala-execution-context-global-14] WARN  HelperUtils.Parameters$ - R#tf%`&nO0W2WD#R!-M&R!a7CNj~kOJcKs
11:45:28.138 [scala-execution-context-global-14] WARN  HelperUtils.Parameters$ - `k{`5YP,nSL]?zIfSR*pHe)4
11:45:28.152 [scala-execution-context-global-14] DEBUG HelperUtils.Parameters$ - 15:s~t;(:f&)
11:45:28.166 [scala-execution-context-global-14] INFO  HelperUtils.Parameters$ - v6MY^OxQb2tkk$/-zKTp]RPN<|ffv75Q<<
11:45:28.178 [scala-execution-context-global-14] INFO  HelperUtils.Parameters$ - p8jnw|DfN8a&q2Mfja83^O>*V,%>%NpK)xUCpf+Tqi
11:45:28.193 [scala-execution-context-global-14] ERROR HelperUtils.Parameters$ - }i&J)V@"/hewX'J^(6ae3S5gA7rR7tT9pae1af3D9txK`tLcGKGD}r>]CewX
11:45:28.207 [scala-execution-context-global-14] WARN  HelperUtils.Parameters$ - VfE}=ChF\dT)Iz-XaYpadNTIH,xx[d3e*{W6XM*D-Sdn_-(27vg!`t??8?Er
11:45:28.221 [scala-execution-context-global-14] INFO  HelperUtils.Parameters$ - @`foBgqSBR}t;UdW$-[CmrRYnYT]CE~0;O"k.eo?V<~'@+
11:45:28.235 [scala-execution-context-global-14] INFO  HelperUtils.Parameters$ - .O-R<L]GxSoi"MR0G8uo`u4C)(W~\Ro0
11:45:28.247 [scala-execution-context-global-14] DEBUG HelperUtils.Parameters$ - @-,BP~o*f$t`
11:45:28.259 [scala-execution-context-global-14] INFO  HelperUtils.Parameters$ - k*8wxio_j5lW}TX76I?@W4)>k9FFs]-F&D2k7vq4Pv?1cFf]
11:45:28.274 [scala-execution-context-global-14] DEBUG HelperUtils.Parameters$ - ~[1$m9J0"'L?kw}|EH
11:45:28.288 [scala-execution-context-global-14] INFO  HelperUtils.Parameters$ - N#'ivoTX:aSiQ7*b=*MSXpavj,^TaOft!#
11:45:28.302 [scala-execution-context-global-14] INFO  HelperUtils.Parameters$ - Bm!;"(p+#7kSGT,,~>h$d,
11:45:28.318 [scala-execution-context-global-14] INFO  HelperUtils.Parameters$ - Ggla|0aJ*1`jo6$9u{.}WcyfZfvy9WPRnC0CYoKxXXkLw,pNw~uZ
11:45:28.332 [scala-execution-context-global-14] INFO  HelperUtils.Parameters$ - ]y)Va'IAGwLv
11:45:28.345 [scala-execution-context-global-14] INFO  HelperUtils.Parameters$ - kFC'}`'a>?BIa3%4|n44m~#x2o%S&AQVc8JF^ahD
11:45:28.358 [scala-execution-context-global-14] DEBUG HelperUtils.Parameters$ - ?Dep)>!joQ'{tFJW]o;sq8I$,{{j87m98)|2-],VG|pX
11:45:28.371 [scala-execution-context-global-14] INFO  HelperUtils.Parameters$ - 4UwHYOuD~1\]HM<afi
11:45:28.386 [scala-execution-context-global-14] INFO  HelperUtils.Parameters$ - *+wg@bu2x=Z:$~^B_Y".Tn].
11:45:28.399 [scala-execution-context-global-14] INFO  HelperUtils.Parameters$ - }n#<4/1@TFN.#*wk7wm9}3V:t?U/
11:45:28.413 [scala-execution-context-global-14] INFO  HelperUtils.Parameters$ - *xLsuO/79LlaX.Xh%I?F&$
11:45:28.427 [scala-execution-context-global-14] WARN  HelperUtils.Parameters$ - USE+[mT=ZNeG="P'WRVz1rw<H"\(bIn|~6d'teH)%TDf?]T2tH
11:45:28.440 [scala-execution-context-global-14] WARN  HelperUtils.Parameters$ - jbfoW^<TS@vMP2?%}bMiEDn-Y]=+z'b/J<y<Wtv@&,vY1s
11:45:28.454 [scala-execution-context-global-14] INFO  HelperUtils.Parameters$ - uEOTuXUEXYS%-a{VpI,/-Zzvbt)9C1e,hv|+36}vAc2GeQ
11:45:28.467 [scala-execution-context-global-14] INFO  HelperUtils.Parameters$ - Et>p9m(.Uul;JVO<)_|I37H70wKc9?*2!k
11:45:28.480 [scala-execution-context-global-14] WARN  HelperUtils.Parameters$ - I-9+`VzJ_5vxxx?qYc
11:45:28.493 [scala-execution-context-global-14] INFO  HelperUtils.Parameters$ - tP2Dp1$(oe.v#q
11:45:28.505 [scala-execution-context-global-14] INFO  HelperUtils.Parameters$ - mm41Je68mj@#tlz9'E_lu<y;l;hb[$ZS0StViMX)|pZh!cslKlY9TJ~2
11:45:28.518 [scala-execution-context-global-14] INFO  HelperUtils.Parameters$ - eI|xaK9A8vW6hbf3ce1L6l~j._;r<
11:45:28.532 [scala-execution-context-global-14] WARN  HelperUtils.Parameters$ - nfak07+g:=XfK_XfC^\bwku)Jih*um"mt6QDf""FO22[[hLH~1SXp4S1@)
11:45:28.546 [scala-execution-context-global-14] INFO  HelperUtils.Parameters$ - 7|A+GVb=`6;^axWOykRY.,Q++HFzFRVwAB-mp}L6%iS$['[E\(}P[*;?lr
11:45:28.559 [scala-execution-context-global-14] INFO  HelperUtils.Parameters$ - ALCouw(F%RQRAY=hB#ND>/,H)0#%-X9+X*0KXMCgooe?
11:45:28.573 [scala-execution-context-global-14] INFO  HelperUtils.Parameters$ - O#v5{reOxA4&@_X/&P=Tuxb-j&fo.f#W*\5q7/xn|Gg,T=
11:45:28.587 [scala-execution-context-global-14] DEBUG HelperUtils.Parameters$ - c`[nz2:)o?pxSKjN1cqSDXg/y\tslR_FlPhLomEl
11:45:28.601 [scala-execution-context-global-14] DEBUG HelperUtils.Parameters$ - 46::@K\!4FcV~t:{)HG>%{#W,Hsa%_VMEzHY:(&R
11:45:28.615 [scala-execution-context-global-14] INFO  HelperUtils.Parameters$ - c{%M0QbDVbje"C
11:45:28.628 [scala-execution-context-global-14] INFO  HelperUtils.Parameters$ - bJR/X9SU:/E]+3%,r_&6YXgrJKzW
11:45:28.641 [scala-execution-context-global-14] INFO  HelperUtils.Parameters$ - m}f>$%zf`<&}2u;jU]\+%CDL{Dg~.0GqfG5tC0k;6C,^gfT"g+=KL]
11:45:28.656 [scala-execution-context-global-14] INFO  HelperUtils.Parameters$ - go{.w2sW_'&S(B2qmdu1u![p[a'o9a+s/md5xZ?R';+rKfn<KrG2QDF@rZ
11:45:28.668 [scala-execution-context-global-14] WARN  HelperUtils.Parameters$ - +8FhA.;6xX2GHd-I^,gZy+rNJy(5^A1Am!MK
11:45:28.682 [scala-execution-context-global-14] INFO  HelperUtils.Parameters$ - p&/@`;~[?QS6?-5e]F{(ei
11:45:28.697 [scala-execution-context-global-14] INFO  HelperUtils.Parameters$ - 7;*rM=yAXWSRn=:,x@lnYdn50bT>fq]US,Sn;;amL=0<Z+m&ES
11:45:28.711 [scala-execution-context-global-14] INFO  HelperUtils.Parameters$ - i5%LPHWkiEO,Jz2vq0Cw_c0mVY
11:45:28.724 [scala-execution-context-global-14] INFO  HelperUtils.Parameters$ - -?.n("}0$V$*QK]snfj(jGi)pTa0RdkTr:3u
11:45:28.739 [scala-execution-context-global-14] INFO  HelperUtils.Parameters$ - D@719/-/2nEE=*{b8(FH+&tTS!79\lEqZO
11:45:28.753 [scala-execution-context-global-14] INFO  HelperUtils.Parameters$ - fRV2NSA`#UE<uhS'B<n\KqB=?VH)oFbhDD;Ga3z{]`Z4rnD8MYW\ri}-=c!'
11:45:28.766 [scala-execution-context-global-14] WARN  HelperUtils.Parameters$ - 6p[I|LuK'_JCKnb)PZ^,w[lCA$Zk6IE|DX)cY0
11:45:28.780 [scala-execution-context-global-14] INFO  HelperUtils.Parameters$ - 64t1Pa+mwNRQq:SD5fbg2K9iae0bg1@,wBuwp9(];2\HY
11:45:28.794 [scala-execution-context-global-14] WARN  HelperUtils.Parameters$ - +U_x+(_E@^>8d~NL_wgX`k.=@.6*xO{>Fpv|a>=^AZfs
11:45:28.809 [scala-execution-context-global-14] INFO  HelperUtils.Parameters$ - q4pt7R":bP4@~OWC!k`(!dI%VT6Wv3\;p9Zd=^jw(9mKkLB*^16QL-7p
11:45:28.822 [scala-execution-context-global-14] DEBUG HelperUtils.Parameters$ - (6zb;B5U5gs0Hv;V<fPH
11:45:28.835 [scala-execution-context-global-14] INFO  HelperUtils.Parameters$ - "Q.(?8we[n8W8]dd
11:45:28.849 [scala-execution-context-global-14] INFO  HelperUtils.Parameters$ - gE>0T7-iSk|>OVeR`\[DpJ=YL~FOq}d\lA3HC~uES!=[-:h~
11:45:28.863 [scala-execution-context-global-14] DEBUG HelperUtils.Parameters$ - ?}NgzG*~.](vl=A64ju-3m1abHgNNjk!;T3bmg,uUd]!Y|o9]p7>[%
11:45:28.877 [scala-execution-context-global-14] INFO  HelperUtils.Parameters$ - o53mC(txHT@TAN%m6}POKN3Wzq)T+@\6q?9{
11:45:28.890 [scala-execution-context-global-14] DEBUG HelperUtils.Parameters$ - Z1cOibER(Xm/ym=I!h[I#MMC
11:45:28.903 [scala-execution-context-global-14] DEBUG HelperUtils.Parameters$ - V<)wQV.KqBpz9A0vUTjvM1nO5l~Z[IC@hl(Ek}9A>xiY~MyR
11:45:28.917 [scala-execution-context-global-14] INFO  HelperUtils.Parameters$ - <wxM?0kTD1bLX7W/&AvglK-bm3Z7]vyB}kx3"ar~-\
11:45:28.930 [scala-execution-context-global-14] INFO  HelperUtils.Parameters$ - 67:_IoDwGZ8R`T!V_!nmSwT7rag0ce0bg0be2Y%LwVa@;1czq)fgLMvA`6>
11:45:28.943 [scala-execution-context-global-14] WARN  HelperUtils.Parameters$ - |':Pv&Ve*S3T,z1%ee
11:45:28.955 [scala-execution-context-global-14] DEBUG HelperUtils.Parameters$ - we]y1QM\kmiRqMC(Xs[c<)Kh
11:45:28.967 [scala-execution-context-global-14] INFO  HelperUtils.Parameters$ - WXUG3IE}Emc.5piZT"Fl4Pe}
11:45:28.981 [scala-execution-context-global-14] INFO  HelperUtils.Parameters$ - :+d^oNFXK14O3n;>HL-d7ktah!zy>TGOo)NNpq2mk$Yqd/~>FF&5ZVAkXJ
11:45:28.992 [scala-execution-context-global-14] DEBUG HelperUtils.Parameters$ - i]O1VYc(3xm-}W6KnMv{2QAhB|_{i/
11:45:29.004 [scala-execution-context-global-14] INFO  HelperUtils.Parameters$ - J\?~QuI-iOV+bnYN"?3&j0mG]o,p?X.3^7_+/I^Y.>(dUbFefeXw
11:45:29.017 [scala-execution-context-global-14] INFO  HelperUtils.Parameters$ - ggem#QL\7Kau\3Vkq>`|a<y4w!
11:45:29.031 [scala-execution-context-global-14] INFO  HelperUtils.Parameters$ - -a'Kg96UptD{J-gw{![u8@(&)>#l2OA2
11:45:29.044 [scala-execution-context-global-14] WARN  HelperUtils.Parameters$ - JS+;QDJRm\{&48D9G@bK09c5+eKN]=U/]PsfCPO(~n-)|>tShmdXrS)"EV^^
11:45:29.056 [scala-execution-context-global-14] INFO  HelperUtils.Parameters$ - B$.3}imS0%2_8wmnag@j1/-[^_7PVzj>6Fah)gWQqpe"*Y26EQ)|{5U1&N
11:45:29.068 [scala-execution-context-global-14] INFO  HelperUtils.Parameters$ - #sSb</Nv8a>&vbqeFn-~>4)4bzSZ2M
11:45:29.082 [scala-execution-context-global-14] DEBUG HelperUtils.Parameters$ - l2sjqi;cHJ)Ty"}3PGDY[i
11:45:29.096 [scala-execution-context-global-14] INFO  HelperUtils.Parameters$ - /x&7HjEZaycHa8
11:45:29.110 [scala-execution-context-global-14] INFO  HelperUtils.Parameters$ - sM`7rDZ2c{^=EB,G=Nbe1J7lD6pG5wcg0]r8g'LhH-XNmW!k,b!
11:45:29.124 [scala-execution-context-global-14] INFO  HelperUtils.Parameters$ - b~N%nVMHAVd"
11:45:29.137 [scala-execution-context-global-14] INFO  HelperUtils.Parameters$ - RfVYISm3Sy.2`hz}]}@d:]Kwizg&j7\G
11:45:29.150 [scala-execution-context-global-14] INFO  HelperUtils.Parameters$ - ?N91R:#E{0kvW"{I)=+nVk]joen{-.@S(/t0,jbz7}
11:45:29.164 [scala-execution-context-global-14] WARN  HelperUtils.Parameters$ - 8@`W"Tun{;\AW(l$!/[PB']H\'n6?!mYadJXi:(Y?JJ(0`>YT:nBU1
11:45:29.177 [scala-execution-context-global-14] INFO  HelperUtils.Parameters$ - ~f\%+_|*94ly2cU;*cpgbX-~sE}Who#M}3NNz^2qrV$PwEN"
11:45:29.191 [scala-execution-context-global-14] WARN  HelperUtils.Parameters$ - 75Ze5+UEd0lHs6nX'&DuHyP<'k0FjF<4
11:45:29.205 [scala-execution-context-global-14] INFO  HelperUtils.Parameters$ - A|FDU:&NE-`oUNgZk1,n<{KI-5Z<W+`~~?I*:b]@Z6j_A5qOE+Id(SQ/dj
11:45:29.220 [scala-execution-context-global-14] INFO  HelperUtils.Parameters$ - SlNlTN:Z0?Q42jbu0'<m(F-/uhG'p\.%,)
11:45:29.234 [scala-execution-context-global-14] INFO  HelperUtils.Parameters$ - B'm;=lAnI^k?ux_l#mI6C4A1r<tL.=
11:45:29.249 [scala-execution-context-global-14] INFO  HelperUtils.Parameters$ - l'{C[`Y+C}ZDCbhQo_u!FCu8giP'G&@3C&mDot4w2Q$K7'
11:45:29.261 [scala-execution-context-global-14] INFO  HelperUtils.Parameters$ - <Ak18jLC/g?"@ms~D=h49Q=8T?~=yH?*7U=917[n2~Gj._{4t{$&ywV.@(
11:45:29.274 [scala-execution-context-global-14] INFO  HelperUtils.Parameters$ - $Rt4:[<u/EmT02;av(T3^/!M^q^9W+QVmkTOVy3YouN|x.r=+=
11:45:29.287 [scala-execution-context-global-14] INFO  HelperUtils.Parameters$ - i|fw;RCM{]e=-?F9OMl,@bU.s^ic\#wml.w(1~P4
11:45:29.301 [scala-execution-context-global-14] INFO  HelperUtils.Parameters$ - T}0%WG2d29D7
11:45:29.315 [scala-execution-context-global-14] INFO  HelperUtils.Parameters$ - >1wXTHKKfku*T44KE><]tLJSg`z)"O,P)iP+FdW<%%}V\I4]jzTM-ljRtp
11:45:29.328 [scala-execution-context-global-14] INFO  HelperUtils.Parameters$ - BgvAjY1Z-<5"
11:45:29.340 [scala-execution-context-global-14] ERROR HelperUtils.Parameters$ - H<$}z5T:1\)A
11:45:29.354 [scala-execution-context-global-14] INFO  HelperUtils.Parameters$ - ![U/:^3t~64"n_.Vy"2o2F'8I~6'nwQ=fWspZ\
11:45:29.368 [scala-execution-context-global-14] INFO  HelperUtils.Parameters$ - D(~+"lGdp-6N*~,T
11:45:29.382 [scala-execution-context-global-14] INFO  HelperUtils.Parameters$ - 4x*`8({Whe-/&,$~sV~zv7m-l*grHVie8vbVFSn2"p"1.~-CM.{7.R=e
11:45:29.395 [scala-execution-context-global-14] DEBUG HelperUtils.Parameters$ - b%'DV,OGknb_!59W/#9T6fcg1S7rbe1bf3&Q-2@]Wt#Nq@gNEIdAM
11:45:29.409 [scala-execution-context-global-14] INFO  HelperUtils.Parameters$ - |-y#oS/!gkn1=KZ,+VT?Xv7~[_TJQD{ONdKP
11:45:29.423 [scala-execution-context-global-14] INFO  HelperUtils.Parameters$ - ,H,R'mTr"d9_<5kE1[J8nK5fR6jag2cf1be1)>E[xV~S("ge|au^F@
11:45:29.435 [scala-execution-context-global-14] DEBUG HelperUtils.Parameters$ - "m}"J+i@(2]-UH0,cf0bf2af3X8vcf2ag2V9oL7jQ7tpO9fao,%*$"_nu*,
11:45:29.447 [scala-execution-context-global-14] INFO  HelperUtils.Parameters$ - "]L[d47wS0kMZB.,>FDO}Wf4;Yr,\~??AZquWDi%Z}KUAzxD
11:45:29.461 [scala-execution-context-global-14] INFO  HelperUtils.Parameters$ - q@ZK-&.(^[o9`+z4
11:45:29.474 [scala-execution-context-global-14] INFO  HelperUtils.Parameters$ - uh2z^hev~.=IkV.K~Y{QKcPHz-i2@L|faRPQjEmrz~$;s<]F>/D7qR}=58\~
11:45:29.489 [scala-execution-context-global-14] WARN  HelperUtils.Parameters$ - %MJEncI^o5I"Grmct&Xk~}CaHK5jag3bg1ce0cg2ae0L7kZ9pEQ_8)dq<'s/\_p@-D\Ws4Ke'a
11:45:29.501 [scala-execution-context-global-14] INFO  HelperUtils.Parameters$ - )-_In<?<;Z.>9<BHE^~Y:zB+.mmf{Q/NK-v$M@
11:45:29.516 [scala-execution-context-global-14] DEBUG HelperUtils.Parameters$ - ,.0@$Zml&ycL43tB
11:45:29.529 [scala-execution-context-global-14] WARN  HelperUtils.Parameters$ - HlyX<G5AUv")kwx>"']TNVLg?N6GlRDy&k>c>ESgy02_@,[B7li;zT7M%cys
11:45:29.542 [scala-execution-context-global-14] INFO  HelperUtils.Parameters$ - GK,_|Au7b}Oi+ZeazaTW{d85bmKd|+>}>bl/qrBNdW%Z:[
11:45:29.555 [scala-execution-context-global-14] INFO  HelperUtils.Parameters$ - X0<5m8)1~RnR/zf!N!G[m8^?*8|ZG5VF2a~+k&w8X?/yvF=fkgGk|A
11:45:29.569 [scala-execution-context-global-14] INFO  HelperUtils.Parameters$ - !B$iLA~ZQ;/GQJ|Y
11:45:29.585 [scala-execution-context-global-14] INFO  HelperUtils.Parameters$ - WX3xH2w`T%N^IX!G'U%ofGE@zKg<zJd}gR4#)_}{!"gNFWz2o(K>6Rclu3`|
11:45:29.599 [scala-execution-context-global-14] INFO  HelperUtils.Parameters$ - %ZZ1"_0-|*G?FFR%}1S{2S%c:.gtm9:6t3q\?8U@)h&"{O}A
11:45:29.612 [scala-execution-context-global-14] INFO  HelperUtils.Parameters$ - M4(!E(vzA6&c^h_G\cDNKs\<JbrSU9]!'gvW0x%4)cTBE_~J1Ga8"#
11:45:29.625 [scala-execution-context-global-14] DEBUG HelperUtils.Parameters$ - 67|(4~wrg~KQ
11:45:29.639 [scala-execution-context-global-14] INFO  HelperUtils.Parameters$ - WUI0K}xygB>gn"~P%Fyn
11:45:29.652 [scala-execution-context-global-14] INFO  HelperUtils.Parameters$ - bQ#Z".ZE`k6>
11:45:29.666 [scala-execution-context-global-14] INFO  HelperUtils.Parameters$ - 9^/1J1p`V4x4%j|=}}f|Q4cT$Ltw
11:45:29.679 [scala-execution-context-global-14] WARN  HelperUtils.Parameters$ - T@VK/<aT@L06[q!Iu5G?
11:45:29.693 [scala-execution-context-global-14] WARN  HelperUtils.Parameters$ - o\NIjyPCYgBn'Z'af%QJ:n
11:45:29.707 [scala-execution-context-global-14] INFO  HelperUtils.Parameters$ - ?TBF;\yby=f4'iC^M4
11:45:29.720 [scala-execution-context-global-14] INFO  HelperUtils.Parameters$ - Wyx]~/&UQ:2yqP~V>1oTaRQF])K&XU@YKLlpzh~ekwArbmvH#.A5V|iP,j)j
11:45:29.734 [scala-execution-context-global-14] INFO  HelperUtils.Parameters$ - zRKeE;=;:YB\Js?*#>(R\W|4*E.y#sry|fP.a<h^H3
11:45:29.747 [scala-execution-context-global-14] INFO  HelperUtils.Parameters$ - i597a3SvBH6#*.=-(&e3
11:45:29.760 [scala-execution-context-global-14] INFO  HelperUtils.Parameters$ - ZL,$O3{F[98a
11:45:29.774 [scala-execution-context-global-14] INFO  HelperUtils.Parameters$ - SMznKSDO)>*h3?`T+h`+Xcf0F5laf3Q9sbe0F>o-bDO3.~AJmy}Nje9Z,
11:45:29.789 [scala-execution-context-global-14] INFO  HelperUtils.Parameters$ - R5tK[yQTse~QRPa.^uTzRUla
11:45:29.802 [scala-execution-context-global-14] INFO  HelperUtils.Parameters$ - .0PR!!2m@!olvha;:zVNi\\{;v-U=#
11:45:29.815 [scala-execution-context-global-14] WARN  HelperUtils.Parameters$ - Zi)05Frx9TcwsV6BkW#pH>ov&rkrL\jkSO{A-8
11:45:29.828 [scala-execution-context-global-14] INFO  HelperUtils.Parameters$ - -U>]a[a,9Lpv
11:45:29.841 [scala-execution-context-global-14] DEBUG HelperUtils.Parameters$ - i|H1Eqv++];[7UrN&l:'
11:45:29.856 [scala-execution-context-global-14] DEBUG HelperUtils.Parameters$ - U~9((Pwa'iDXCCeSm$ukD>plb;#!
11:45:29.869 [scala-execution-context-global-14] INFO  HelperUtils.Parameters$ - uQ;h<[A,7H&|
11:45:29.884 [scala-execution-context-global-14] DEBUG HelperUtils.Parameters$ - _'!:Zd~X<J]R&RX9wD_6
11:45:29.898 [scala-execution-context-global-14] INFO  HelperUtils.Parameters$ - -m9R`6^XVTB62GCe=:
11:45:29.910 [scala-execution-context-global-14] INFO  HelperUtils.Parameters$ - ytd03XLL.4E!!mB\wZ'])RiJnEwY%9wrzIvINW44a+S#-f
11:45:29.923 [scala-execution-context-global-14] INFO  HelperUtils.Parameters$ - o81?n'P61(DptKVZU~_{=21saq6}
11:45:29.937 [scala-execution-context-global-14] INFO  HelperUtils.Parameters$ - OT2[t(]XX<p\7z!?/0=rFZc:~6*P6''We,AHqaN\"L`Wy)DIJQ
11:45:29.951 [scala-execution-context-global-14] INFO  HelperUtils.Parameters$ - CjIRrXq=)Rn6c"c}{1a}9an)$`))5&e5#y~.5~,W0N8:_^
11:45:29.965 [scala-execution-context-global-14] INFO  HelperUtils.Parameters$ - %@_s["%"imifD_3+"+W#lZ;#/*r;(>jE_%0@*``5
11:45:29.979 [scala-execution-context-global-14] WARN  HelperUtils.Parameters$ - H,\(`0B_A]|6iShNt=oeYK+Y2>\f"U3#cW3zuCnu^GA)KW~*_D
11:45:29.993 [scala-execution-context-global-14] INFO  HelperUtils.Parameters$ - ?[6Na%DPK,<i
11:45:30.006 [scala-execution-context-global-14] INFO  HelperUtils.Parameters$ - >x\>3=Mi%<.SaC-"e]c99r`&+rbO}L+sbGQ/}px?cU:a15->P3
11:45:30.021 [scala-execution-context-global-14] INFO  HelperUtils.Parameters$ - p4O+-::/$qO>1>W:[Y^aYMs6r*5w
11:45:30.035 [scala-execution-context-global-14] DEBUG HelperUtils.Parameters$ - vMPhRS^c]wd,'Jv/Vh%1F0(Y)2B]d{F@ohIjS`p`3\qV0}s$N3il}E*v%+D{
11:45:30.047 [scala-execution-context-global-14] DEBUG HelperUtils.Parameters$ - Pp4'?zl?Z+oI8$dp7=
11:45:30.062 [scala-execution-context-global-14] INFO  HelperUtils.Parameters$ - ma;Oa/2\#oI0l{I14Biy2`hUr5-Qv8RF=#gPlO?JlS6S+<\%5.
11:45:30.075 [scala-execution-context-global-14] INFO  HelperUtils.Parameters$ - L1}eI&j?5?([i0sv4'FAh$&:YG6Ut2Ih~`V~te{Z"1lcLka2
11:45:30.088 [scala-execution-context-global-14] DEBUG HelperUtils.Parameters$ - ndGA!RIv,szWOhrbm9ffK#*0`l!dy,+Yb?x{
11:45:30.101 [scala-execution-context-global-14] INFO  HelperUtils.Parameters$ - .0c)994L9obg0af1af0ce3E5jFP%@!""
11:45:30.114 [scala-execution-context-global-14] DEBUG HelperUtils.Parameters$ - XY&NAj}0JygRw:_&3`"Xdh|uNV
11:45:30.127 [scala-execution-context-global-14] INFO  HelperUtils.Parameters$ - E;]5Aw.{"s2ft+=6\E<J[]>^VvX4
11:45:30.139 [scala-execution-context-global-14] INFO  HelperUtils.Parameters$ - 7[RKJ^B)`5;/d_R~b"D-f0PtM3q<U,4n~+
11:45:30.154 [scala-execution-context-global-14] INFO  HelperUtils.Parameters$ - \#ri)9^19AmLcmjG%"p22Te,9iw~&ii&&r~d}#lrb!j8>iE`JaZ]^UkZ
11:45:30.167 [scala-execution-context-global-14] INFO  HelperUtils.Parameters$ - <jw%I>!iRRB9n3J?aWWe@gDf&.X>R?/Cg7
11:45:30.181 [scala-execution-context-global-14] INFO  HelperUtils.Parameters$ - ]x4';<u(7E~BkN
11:45:30.194 [scala-execution-context-global-14] INFO  HelperUtils.Parameters$ - /uy7|PlY!EnK
11:45:30.207 [scala-execution-context-global-14] INFO  HelperUtils.Parameters$ - P<.^nc9x7lnaf3cg1bg0X6pM8gGrMu2uILu]d
11:45:30.221 [scala-execution-context-global-14] DEBUG HelperUtils.Parameters$ - Vd]<_JqDOJIx6X.47@V/Ry~el\:H)laCpY+ov>
11:45:30.235 [scala-execution-context-global-14] WARN  HelperUtils.Parameters$ - exv9t+Oym6%j>M=idwRpBUBq#Szc+FC>C~/(9[@skj
11:45:30.248 [scala-execution-context-global-14] DEBUG HelperUtils.Parameters$ - J6,$!Bvn*lnBXL|PFrwQB)Cjr6:VN^QYb{>X*QvlA@x;7}(pyx7wa2
11:45:30.260 [scala-execution-context-global-14] INFO  HelperUtils.Parameters$ - r,M+hGau=p&}B*&D7A]e/,"\0{Ah*EwANW21
11:45:30.273 [scala-execution-context-global-14] INFO  HelperUtils.Parameters$ - vYJ]=P6w=@p81w
11:45:30.288 [scala-execution-context-global-14] INFO  HelperUtils.Parameters$ - Y%k|r9xtM's^
11:45:30.301 [scala-execution-context-global-14] INFO  HelperUtils.Parameters$ - 2a5#1LoXhYc~=>&2//GJQzWElZ
11:45:30.316 [scala-execution-context-global-14] DEBUG HelperUtils.Parameters$ - SwhG1?H_tpiQI%hf[soJXHg?pydx[AbBb.3NoW"%
11:45:30.330 [scala-execution-context-global-14] INFO  HelperUtils.Parameters$ - L"WjTL&yxT(~fm(g.G.7LZfPV!d4c,XQ2'j?7$)g\w[Xa1Pvmv/7mJ
11:45:30.342 [scala-execution-context-global-14] INFO  HelperUtils.Parameters$ - yC,.Pq|qkXr-s.s3~{PhIe$'2[)]S]
11:45:30.356 [scala-execution-context-global-14] WARN  HelperUtils.Parameters$ - !\<n~:.p:@-:cGoGrnS>?POk#pzQihbIFv}!C1tK[}B$92tmO1
11:45:30.371 [scala-execution-context-global-14] INFO  HelperUtils.Parameters$ - }c#\^KdALy}n
11:45:30.385 [scala-execution-context-global-14] INFO  HelperUtils.Parameters$ - 6~/qrmhwc'K8$92z8^"7t{4_jP'E,%1Jw`'S'|Ge;(2|,4@Hn5F3
11:45:30.398 [scala-execution-context-global-14] INFO  HelperUtils.Parameters$ - 5}d:/}0EPF0XA::3W2"KQs?[
11:45:30.411 [scala-execution-context-global-14] INFO  HelperUtils.Parameters$ - d!NSK4Ho@VY>YNs%_|c8\7Eh<F0I,p"#\Y;g-xi+6T')8dzGYA-TV!n+9V
11:45:30.424 [scala-execution-context-global-14] WARN  HelperUtils.Parameters$ - :vzB!A+QIwjX2AJ$OJ.}$Z(M?t
11:45:30.438 [scala-execution-context-global-14] INFO  HelperUtils.Parameters$ - jJs/`ZA#07>a(7?q.Al1Sm_5fTQ}+7
11:45:30.451 [scala-execution-context-global-14] WARN  HelperUtils.Parameters$ - w1]JQwve]Cn`wQ.'G9:G)p:d~#hB{g".a4u?IMZ%/BQgoJ[jYl@E
11:45:30.465 [scala-execution-context-global-14] INFO  HelperUtils.Parameters$ - ~{sm%S|naQ8't7w6u2=p,6
11:45:30.480 [scala-execution-context-global-14] INFO  HelperUtils.Parameters$ - @.3!VCYqfB6V
11:45:30.492 [scala-execution-context-global-14] INFO  HelperUtils.Parameters$ - 0iUo61:E\D`C8vE<jCD;zzliBSc~0_}i%zO>s5yJ=FrOUU
11:45:30.505 [scala-execution-context-global-14] INFO  HelperUtils.Parameters$ - nC0$}4HLyQBRLBvx:UlJ"'U2eBqR~%'M{;%$=U*T7y{46~\j
11:45:30.518 [scala-execution-context-global-14] DEBUG HelperUtils.Parameters$ - JcUu/r7rPMN'rl9:J=0FG0|.^hD)Fo'=SA+6&SXSwjFa
11:45:30.531 [scala-execution-context-global-14] WARN  HelperUtils.Parameters$ - =|tu^FL@eT3C/10H=3E-F_]0o)
11:45:30.546 [scala-execution-context-global-14] INFO  HelperUtils.Parameters$ - }MCu-?~#V>4I
11:45:30.561 [scala-execution-context-global-14] WARN  HelperUtils.Parameters$ - g+;Mle]6g^t..j/~%B7`X,neV^ybo1s?o[
11:45:30.574 [scala-execution-context-global-14] INFO  HelperUtils.Parameters$ - Q%8NK{[R[)'RqzY'rBz;~y:ZQ+E`>ph"{;Q)
11:45:30.589 [scala-execution-context-global-14] INFO  HelperUtils.Parameters$ - ]DX@l4-9.};p>.r]bbU,Be\#;UDdH:py"$+g7b
11:45:30.604 [scala-execution-context-global-14] INFO  HelperUtils.Parameters$ - aOvAl:'&*!bG{<CD#U1Xio6r[YOH&XHDx_mv@<)-f%
11:45:30.617 [scala-execution-context-global-14] INFO  HelperUtils.Parameters$ - |u(x2C/D1E&?5;A@8Qq!J%uG.tSy"P"GzF+yfjs(ar
11:45:30.630 [scala-execution-context-global-14] WARN  HelperUtils.Parameters$ - [~2\_2a944'TZ"=!8CFzn~'V1:o9A!
11:45:30.644 [scala-execution-context-global-14] INFO  HelperUtils.Parameters$ - (*Vu{I*<SQla]Uzk3V$,SA)}{=|\Z}i,B:,+"&Tr
11:45:30.657 [scala-execution-context-global-14] INFO  HelperUtils.Parameters$ - CIA8|p$,2f}M>\y"R'5EQp`Q1\w+KXxm+,<Uhy
11:45:30.669 [scala-execution-context-global-14] INFO  HelperUtils.Parameters$ - tAr[!w_1`SB:(H"IX8PiD_D(`=Hbl5_x
11:45:30.682 [scala-execution-context-global-14] DEBUG HelperUtils.Parameters$ - ZFu!J7Ql;\TFN2
11:45:30.696 [scala-execution-context-global-14] DEBUG HelperUtils.Parameters$ - n`1$^ZVuww>B{;ir-R1O>3hbg1U5kbg1R9oO9sbg3]4bAcEn_i.VuTT;/-1{BqdK
11:45:30.708 [scala-execution-context-global-14] INFO  HelperUtils.Parameters$ - KwN|vKZL*w5/R(H2;j
11:45:30.722 [scala-execution-context-global-14] INFO  HelperUtils.Parameters$ - gr%S2QN55)}Vjn0TmdV/xwbwu)|s<iKV-*=xn2"-
11:45:30.737 [scala-execution-context-global-14] INFO  HelperUtils.Parameters$ - Yi6)"VV/LX.sN_Zcam8U.mi{YL[~N}vUCO-$
11:45:30.751 [scala-execution-context-global-14] INFO  HelperUtils.Parameters$ - 667Qn`Dqb0Kt=HPx
11:45:30.764 [scala-execution-context-global-14] WARN  HelperUtils.Parameters$ - IrtD&<pD57UraJrb1|GS@yhm&&HhtNyFGo[e
11:45:30.778 [scala-execution-context-global-14] DEBUG HelperUtils.Parameters$ - :QwreX@x/%$WE\8o
11:45:30.791 [scala-execution-context-global-14] INFO  HelperUtils.Parameters$ - 7Yv{bTmFqDWY{:8yJG
11:45:30.805 [scala-execution-context-global-14] DEBUG HelperUtils.Parameters$ - X5"t^-%>vz6|C\>VuEO6qK7lC6jE9sF7wG7fI8i1mv":UzZ{aE[eQeWfF
11:45:30.818 [scala-execution-context-global-14] DEBUG HelperUtils.Parameters$ - D3>nc_{!Xi|thtJY&SOhg/=Clr8}$!jl{6f%Bw
11:45:30.832 [scala-execution-context-global-14] INFO  HelperUtils.Parameters$ - GOvfm(=.Em$=5qg.
11:45:30.846 [scala-execution-context-global-14] WARN  HelperUtils.Parameters$ - C`zJP41cA]Fd*K=oEkjNE4I="26Zma#th.
11:45:30.858 [scala-execution-context-global-14] INFO  HelperUtils.Parameters$ - N0U}g2Zz6K0*0N_\k0
11:45:30.873 [scala-execution-context-global-14] INFO  HelperUtils.Parameters$ - EkqLc8P7A.o#+.}cwUKtt+i~g;
11:45:30.888 [scala-execution-context-global-14] WARN  HelperUtils.Parameters$ - =Q,S=[JwRVMmq$
11:45:30.902 [scala-execution-context-global-14] WARN  HelperUtils.Parameters$ - qH9`'ez(H4M'F^QAH?S@vh
11:45:30.915 [scala-execution-context-global-14] WARN  HelperUtils.Parameters$ - &~8F:tbsp"xSaLKJ
11:45:30.929 [scala-execution-context-global-14] INFO  HelperUtils.Parameters$ - UQ?q~Dc"U]T1G-G:DSs35JU[zy({(%et~Inq?q,;vVjr
11:45:30.942 [scala-execution-context-global-14] INFO  HelperUtils.Parameters$ - %@<L+w<Mn-s*X.d~MWh9TJ{g'w2N^nuI6)F*
11:45:30.956 [scala-execution-context-global-14] INFO  HelperUtils.Parameters$ - F_w))^PCn75nm*4VMX[ha@ljI,
11:45:30.969 [scala-execution-context-global-14] INFO  HelperUtils.Parameters$ - $E8TJ6e>Y?C^)E<@MPU*I&E`H:.B%BV`eh0TezRI/U]nz+TGh?A9<0WQ>{f5
11:45:30.984 [scala-execution-context-global-14] DEBUG HelperUtils.Parameters$ - ^Fdbjd%]:)431[88!94Z?BzO]_TO=!chO^
11:45:30.998 [scala-execution-context-global-14] INFO  HelperUtils.Parameters$ - .pFAmMmC{k^gm'S3D[1[8@b"tD|2k`0!]^)$yoIW'P
11:45:31.011 [scala-execution-context-global-14] INFO  HelperUtils.Parameters$ - c"0tl|tV.{G'-3P`-PYjO'N`q(u>?@@;eB/B
11:45:31.025 [scala-execution-context-global-14] INFO  HelperUtils.Parameters$ - FhcLKcJ][_b8'JGz2xxD|E`dKw;9
11:45:31.040 [scala-execution-context-global-14] INFO  HelperUtils.Parameters$ - B7*e/ILZ>G>A/XHz.*2j**
11:45:31.055 [scala-execution-context-global-14] WARN  HelperUtils.Parameters$ - ~c?Twn'B>]iJL\a6`Joi'/rX`;!EyH
11:45:31.068 [scala-execution-context-global-14] WARN  HelperUtils.Parameters$ - ?*<KF(_`U&wcyQJ+?ZV/k5XqI*=9g"0KSM@8pJ;(qr|%.q%=`JRMTvt_UQ|=
11:45:31.082 [scala-execution-context-global-14] INFO  HelperUtils.Parameters$ - PKnLk7Vs4Y7U|{fMY:+.1,n|_nR@V'd>+NJ<{`v->nz*<l
11:45:31.096 [scala-execution-context-global-14] INFO  HelperUtils.Parameters$ - !&x%e09vm=v;o1t~;p^t|=:1jn#z9cVpr3ILtx.&0^{sreur
11:45:31.109 [scala-execution-context-global-14] INFO  HelperUtils.Parameters$ - Yz}W$}HK@!mA48t>HAWjX8S'
11:45:31.123 [scala-execution-context-global-14] INFO  HelperUtils.Parameters$ - on/ku0U'K)nL(n}}sXA{jIACV:VO$n]O_B@WOsr<
11:45:31.137 [scala-execution-context-global-14] INFO  HelperUtils.Parameters$ - Sw{sq7EQ=Ry5TL%PO<9<{e*+Q[/MDJ!.wCes,U
11:45:31.150 [scala-execution-context-global-14] INFO  HelperUtils.Parameters$ - VUtS"OE?4b/,-l}z
11:45:31.165 [scala-execution-context-global-14] INFO  HelperUtils.Parameters$ - mj&trd=LO@SZ8]._K(qqz;t&lNA&rf#orHnAYp:fPX2JR[G~
11:45:31.178 [scala-execution-context-global-14] INFO  HelperUtils.Parameters$ - 67{EFEHnu)0("/Rq'lc_
11:45:31.190 [scala-execution-context-global-14] WARN  HelperUtils.Parameters$ - Nk\2O3aRUy;H7afK0HN"+P#WqCt[;a(M
11:45:31.202 [scala-execution-context-global-14] INFO  HelperUtils.Parameters$ - fc&ut^NH~f{oAf2C1v
11:45:31.215 [scala-execution-context-global-14] WARN  HelperUtils.Parameters$ - h/@^7C0@u_g2KP)~,jZ^{#ep#gn:ey
11:45:31.229 [scala-execution-context-global-14] INFO  HelperUtils.Parameters$ - Qg?`%8_8K{"?"HQ@NkD}h6S=C\]`
11:45:31.241 [scala-execution-context-global-14] INFO  HelperUtils.Parameters$ - HqIKh(;YufLMk"
11:45:31.254 [scala-execution-context-global-14] WARN  HelperUtils.Parameters$ - c\Vs0twD>c4^9wqhz``L?&Y{"sQ+`\6wv`'$@CD<]G4K=Xe$>+mC
11:45:31.267 [scala-execution-context-global-14] INFO  HelperUtils.Parameters$ - 64po*eB^UlM@nU?G>"HGcjj9a,8L@D
11:45:31.281 [scala-execution-context-global-14] INFO  HelperUtils.Parameters$ - Gq|tLa>5K^L+tOihTAx!h`
11:45:31.294 [scala-execution-context-global-14] INFO  HelperUtils.Parameters$ - W,K%W1nl/([,armK
11:45:31.307 [scala-execution-context-global-14] INFO  HelperUtils.Parameters$ - 70TQ&t$QT@f~3mjYi8jjblf4e\haYd2PP)`3~W>EHv"CX\
11:45:31.321 [scala-execution-context-global-14] WARN  HelperUtils.Parameters$ - FQ'YB7{]AZ@E7^6pUPI<?NjTYKy{u1gBX==u.4c0R9
11:45:31.335 [scala-execution-context-global-14] WARN  HelperUtils.Parameters$ - 3nvj7K?V>w5@
11:45:31.349 [scala-execution-context-global-14] INFO  HelperUtils.Parameters$ - PnsnNwQu{0H[
11:45:31.362 [scala-execution-context-global-14] INFO  HelperUtils.Parameters$ - <bFeCoox@[)4N3<z&a
11:45:31.374 [scala-execution-context-global-14] INFO  HelperUtils.Parameters$ - 3u|F}=a+BI=>&o-:]I
11:45:31.387 [scala-execution-context-global-14] DEBUG HelperUtils.Parameters$ - /EA:#RWy=5KVSk
11:45:31.402 [scala-execution-context-global-14] INFO  HelperUtils.Parameters$ - &Zgj<aO.y6lJD%^P6s*xUpT`n'Bq~^)5eT0{c-
11:45:31.416 [scala-execution-context-global-14] INFO  HelperUtils.Parameters$ - ot;7Dt&?psKa:h*dr;\i=OI(c-iJ*9GM)iP9}dzKK>50*oQGDPrbqvPq\M\1
11:45:31.431 [scala-execution-context-global-14] INFO  HelperUtils.Parameters$ - >3*I)[x;U<vmFm@%FiQG/udqg}`g/Yx5jZT^x8o]r5
11:45:31.444 [scala-execution-context-global-14] DEBUG HelperUtils.Parameters$ - 5~5]zL^,X9Ek$q{nh:zKDHma!KD6lO9oL8rF9oI9icf3cf0^zjmQa'/#'Z`>E*r[:h#vt+Rsf
11:45:31.458 [scala-execution-context-global-14] INFO  HelperUtils.Parameters$ - @k,R@3'%"s!tb-
11:45:31.476 [scala-execution-context-global-14] INFO  HelperUtils.Parameters$ - DM,.M^(3.Q/'?7g@LnpvOCD-qd"Bk;uuX\n2i$!$8<83u]Gl'@2*r4
11:45:31.493 [scala-execution-context-global-14] INFO  HelperUtils.Parameters$ - boaZ{`0VC{f|:\
11:45:31.507 [scala-execution-context-global-14] INFO  HelperUtils.Parameters$ - |Vvw,U+='^C'pWg,mC9g0%_]KUSc{w<1t4
11:45:31.520 [scala-execution-context-global-14] INFO  HelperUtils.Parameters$ - );rJ?6w\Q/[30UudI\
11:45:31.534 [scala-execution-context-global-14] INFO  HelperUtils.Parameters$ - ::^H;~zoA.xeP)~hM;e27ke5oEN?3vhVc#`543
11:45:31.547 [scala-execution-context-global-14] INFO  HelperUtils.Parameters$ - o?I|">j-EK#>;RZStQC+;tA=(kHpY+zW:bXArnjr=_lK,[^f.yi3;\]`#(
11:45:31.560 [scala-execution-context-global-14] INFO  HelperUtils.Parameters$ - pX'}@1m71XJA2}
11:45:31.574 [scala-execution-context-global-14] INFO  HelperUtils.Parameters$ - PJ>Aj!X^t(siF$r\!"P!tW,4I=,gB+
11:45:31.587 [scala-execution-context-global-14] INFO  HelperUtils.Parameters$ - IE!N%[pi1ZjWl4+haCyvOk>iaf0cg2L6hbg1S5p{a`,ek%$J[MzP5SYHoyTVAJ|
11:45:31.601 [scala-execution-context-global-14] INFO  HelperUtils.Parameters$ - ;V~e4qc@cj=+s9ZdgxkK@L4MbD\qz''ZM*PZ{3)s`L
11:45:31.614 [scala-execution-context-global-14] WARN  HelperUtils.Parameters$ - bo(\k4_X-+U2D_.p?]!<0w>5)pI+.U\77(.JI_@Nhy`xmELS
11:45:31.626 [scala-execution-context-global-14] INFO  HelperUtils.Parameters$ - awrMNIp3@e:byazjHDwNcL^0j~h|A?"fn%g#VPh|x_,k=9{N^`zjmTvUAxps
11:45:31.640 [scala-execution-context-global-14] INFO  HelperUtils.Parameters$ - 7PP=p}W;`mA,rkx5u3R43L|My8f`:d1=yE
11:45:31.653 [scala-execution-context-global-14] DEBUG HelperUtils.Parameters$ - <k7hA$6>h8JhSAqwQgl"t[D^=)-aXKNN-KK&P#&6rX\M4<RE5@YC.$
11:45:31.668 [scala-execution-context-global-14] INFO  HelperUtils.Parameters$ - HNll0Sn|+e%K%h+4|`&f;tvd-&3pd@/IvJ\knsdzL$~JSTKQq$
11:45:31.682 [scala-execution-context-global-14] INFO  HelperUtils.Parameters$ - $Dzo^5NQfMW2+~/0l*K")s}|?~
11:45:31.696 [scala-execution-context-global-14] INFO  HelperUtils.Parameters$ - q}3(q9I37<q>9=SFY_K1/84"vf
11:45:31.709 [scala-execution-context-global-14] INFO  HelperUtils.Parameters$ - xVeZ0i%w5T}HW-Zog4YPB6AUfbg3ag1bg1bf2F6mce3U7pag1D6wU5nE6mQBl@`OUKXd{IbWAC-aMC%Ye*\
11:45:31.723 [scala-execution-context-global-14] INFO  HelperUtils.Parameters$ - 7Y0<icT5q$>Rg?V-#G&_:.E4saf2S9kcf2ag3Q5qbf0a:vJU<\hNNux2!G4@BTkUaH:=
11:45:31.735 [scala-execution-context-global-14] INFO  HelperUtils.Parameters$ - ,Vc1$2'=z9i.Lx0(,7{F6r;rSuWxy.a)I4CVzX(1\#>ejl
11:45:31.749 [scala-execution-context-global-14] INFO  HelperUtils.Parameters$ - VzIe,)[r8qP>wx/9,$SGY5sJ6qC7lV8ube2B"4q=ZEDUBU+~gTzA}EQ
11:45:31.763 [scala-execution-context-global-14] INFO  HelperUtils.Parameters$ - 9P"deASz)le8uqw626FO
11:45:31.777 [scala-execution-context-global-14] INFO  HelperUtils.Parameters$ - :H~>Ffn4;JWqB$WAUchEHsoy)']T5##M'-AS]UkvLS
11:45:31.791 [scala-execution-context-global-14] INFO  HelperUtils.Parameters$ - F%v%`3eKQP88_U#y8cP<\oHv74`+r8|RdmZf
11:45:31.806 [scala-execution-context-global-14] INFO  HelperUtils.Parameters$ - E?\W+zt[%Y{X1<(S%1>lr4y5
11:45:31.820 [scala-execution-context-global-14] INFO  HelperUtils.Parameters$ - NxGw-@AaYT5u@LkXtTS?h)z3LS2EGIPeXvELr^!Y\/x"-5+1)WL__^
11:45:31.834 [scala-execution-context-global-14] INFO  HelperUtils.Parameters$ - |a1^M\KE;Z.ubh8F&XH}4q]#lU8ibg1ag3ag3bg1ae2D9px6\?OB3HQIeDCTU~'3a]yGz"D
11:45:31.848 [scala-execution-context-global-14] INFO  HelperUtils.Parameters$ - OQAXm<^~ptX"^Tdxd,!"}XYdTX9REt}{t5uDY{$_
11:45:31.862 [scala-execution-context-global-14] INFO  HelperUtils.Parameters$ - "i+R6_lP90[Ajh:W?_l+rW
11:45:31.875 [scala-execution-context-global-14] INFO  HelperUtils.Parameters$ - ^lpZ}Q|)rd2(Uk%TU`
11:45:31.889 [scala-execution-context-global-14] INFO  HelperUtils.Parameters$ - L4lRC9kf%}5-pF,64\9E*)&~G[u~>\XQ
11:45:31.901 [scala-execution-context-global-14] WARN  HelperUtils.Parameters$ - *Gi|[GH}9Zd}Vy@S&dC$]pHo)sK'|&rkpm&Sj%Cjo)&v]G8yP)-r
11:45:31.915 [scala-execution-context-global-14] INFO  HelperUtils.Parameters$ - #u]YC06rw1-Ds|e,?qtP?Rh8
11:45:31.929 [scala-execution-context-global-14] INFO  HelperUtils.Parameters$ - tRoG=^O%X5ok->X"\{Q~"ab=
11:45:31.943 [scala-execution-context-global-14] DEBUG HelperUtils.Parameters$ - Q,HUut^QOMce:Nk_q6mfR>X'M,
11:45:31.957 [scala-execution-context-global-14] INFO  HelperUtils.Parameters$ - 5/=jiexsC%&--<5:yO8KhrLG6c?/QCqm/*F$yHs3F!oIGJ/P8R
11:45:31.969 [scala-execution-context-global-14] DEBUG HelperUtils.Parameters$ - ?Nwn/e6e&cGk;,%!~4VWzu72r-dwD]JdVz
11:45:31.981 [scala-execution-context-global-14] INFO  HelperUtils.Parameters$ - $6qr3R<eBevBRY*<{195#;=qJ(:TGFMz
11:45:31.993 [scala-execution-context-global-14] WARN  HelperUtils.Parameters$ - 6dGI6L,yae3R5mD8wcg0U9hbg3%w(\f6:O
11:45:32.007 [scala-execution-context-global-14] INFO  HelperUtils.Parameters$ - ~sIMpDxY&NZPD<~RE-Nc(zF/,$%SK]q8hkpYlaM!^Zu@!P2di75SqE
11:45:32.021 [scala-execution-context-global-14] INFO  HelperUtils.Parameters$ - }I`}okke*yrHmZG\F5tK^3HA;3"Y
11:45:32.036 [scala-execution-context-global-14] INFO  HelperUtils.Parameters$ - xTc4xR<d-7C8re+k8R\.CkH+2LI"9Qag1ce0af1B6vag0V8rQ7l~\edcI),p<>.9s|FRMWyY-cJ-R(V-q
11:45:32.050 [scala-execution-context-global-14] WARN  HelperUtils.Parameters$ - |rO#,HY!^vzAT-(59r)3[e,v-_ra`laPM[SVV8fw%hgU~r
11:45:32.064 [scala-execution-context-global-14] INFO  HelperUtils.Parameters$ - 9Datm4S@,WrtY+gLh49+~U
11:45:32.077 [scala-execution-context-global-14] INFO  HelperUtils.Parameters$ - \{"X4{DaYfZ0ub^p+7kW{@^Ze_Zt
11:45:32.091 [scala-execution-context-global-14] WARN  HelperUtils.Parameters$ - \Ca7MZl8ius:gP?]Wjs0Ss<uL!gqZ*MFADzuRlOhAP[KN.*5!XNZ
11:45:32.104 [scala-execution-context-global-14] INFO  HelperUtils.Parameters$ - ^wn!d0N7a6:jr0(8q&5Z$Ny:|}n{9}/;0^EtZa-9`yWO/#1O/Y%MyWl~%!
11:45:32.118 [scala-execution-context-global-14] INFO  HelperUtils.Parameters$ - L{d{+BazR\#](zuZefA7mi/CF8tCtDl+,>A#Hqb}ILrK%0
11:45:32.131 [scala-execution-context-global-14] INFO  HelperUtils.Parameters$ - n6eB&]x&:$ndZA1-dh#Yp)I52DwNi/3304FEn=P8bP^6W$
11:45:32.145 [scala-execution-context-global-14] INFO  HelperUtils.Parameters$ - _TyIsJE3)X}>}@ag1P9iQ9hB7sbe2C9snm"=aF6EW;}Q>p
11:45:32.157 [scala-execution-context-global-14] INFO  HelperUtils.Parameters$ - 8pa]1|<O2`E4I8%xQ_Z|X_,TytHcd*{Ko,TI*}o<<zzZ&24upL2+
11:45:32.171 [scala-execution-context-global-14] WARN  HelperUtils.Parameters$ - dBdwh7KQQalgHtrK@g
11:45:32.185 [scala-execution-context-global-14] INFO  HelperUtils.Parameters$ - di5?)*rhnAg4SiFLQ0T2b='1R@VkKf
11:45:32.198 [scala-execution-context-global-14] WARN  HelperUtils.Parameters$ - 8"QiX$j\}AJqt}pvrwhWc]6Z*>rz+~vjSm/56:R"X^JYf^
11:45:32.213 [scala-execution-context-global-14] INFO  HelperUtils.Parameters$ - rO:ZNn/b11N|[:ybn`n)MIrcJB@>1Fo=v\%7INE,
11:45:32.226 [scala-execution-context-global-14] INFO  HelperUtils.Parameters$ - p\k8D>I{lV4X`{:[?Z/:[F|U>:[{f^9J3o$N?v=dR,x%pKr/WTptRaY3go
11:45:32.239 [scala-execution-context-global-14] INFO  HelperUtils.Parameters$ - 9c0}<SsRaR>w[N<p6cbtmR%8SSp([OqYA+L$~7$*BlLcOd/R-rHr
11:45:32.253 [scala-execution-context-global-14] WARN  HelperUtils.Parameters$ - 1AsKSgp5A)C>.uf`pi-.sgpfGwBK~12|i@8%
11:45:32.266 [scala-execution-context-global-14] INFO  HelperUtils.Parameters$ - ^7QGz|BN@jU;m+TTm!C26f[/9Bg-[D3qL3
11:45:32.278 [scala-execution-context-global-14] INFO  HelperUtils.Parameters$ - T$-_I2z8|{r3f(<~
11:45:32.291 [scala-execution-context-global-14] INFO  HelperUtils.Parameters$ - vnKk5AjR+aD+dB<yTln94<Exud%@51DKJ|Y\44.O%F}UnA%`
11:45:32.305 [scala-execution-context-global-14] INFO  HelperUtils.Parameters$ - (u.bCS"vAfaB[F$SG+.>'E.e@(Fsfzo[kF&er162NEePw!u>}Q0$Dv
11:45:32.318 [scala-execution-context-global-14] INFO  HelperUtils.Parameters$ - H!A-dcLzpN6z`!GI]o,0^lpP*(\QrV);d6
11:45:32.331 [scala-execution-context-global-14] INFO  HelperUtils.Parameters$ - z%*ix\}EsP&D&-08[%lq!2tbg0&/g*9e%-KB|o5le)v/9<
11:45:32.344 [scala-execution-context-global-14] INFO  HelperUtils.Parameters$ - Syw)hz1~YlrER<urrG[5s&+\7.97xe<TCSzdphJ]
11:45:32.358 [scala-execution-context-global-14] INFO  HelperUtils.Parameters$ - Q5uPYbWvHYhC?(rxDCrfTkzCJM
11:45:32.372 [scala-execution-context-global-14] INFO  HelperUtils.Parameters$ - [Q=t^T+?PxNTj+>HgS3TJ=1l;GW(udn%,/n=ZE@m
11:45:32.385 [scala-execution-context-global-14] DEBUG HelperUtils.Parameters$ - pc2'caWMjhf'"o](:XWZ{uP4O+h<1xl[
11:45:32.397 [scala-execution-context-global-14] WARN  HelperUtils.Parameters$ - 2nRoCS#n]inO
11:45:32.411 [scala-execution-context-global-14] INFO  HelperUtils.Parameters$ - qJ6[&H*J[D9uL6laf3be2ae1K5h.,%"t~KG5
11:45:32.424 [scala-execution-context-global-14] DEBUG HelperUtils.Parameters$ - Zi~zQ6h$eg8#&I/~?Y
11:45:32.438 [scala-execution-context-global-14] INFO  HelperUtils.Parameters$ - wm}FEk'r3(X+XWn5q!~j`w!M)W3MZ5Z}cK-([r
11:45:32.452 [scala-execution-context-global-14] INFO  HelperUtils.Parameters$ - ~Hr.n8U,IyF=8HbyR}zs3:I-2qw$eGzqL]??d4`#Gy;kK8y4K5QS1nplm?<L
11:45:32.467 [scala-execution-context-global-14] WARN  HelperUtils.Parameters$ - m0HZ5")|9WlYhY=|($,4KH(ELyQ8AY/#s\|Z^n2C~sQZM{Xn`?"#VPn7pu
11:45:32.482 [scala-execution-context-global-14] INFO  HelperUtils.Parameters$ - B?L#~$>|WV]/B2vep)2/yx,1rBU*<CrK"*^vFS,oFm
11:45:32.495 [scala-execution-context-global-14] INFO  HelperUtils.Parameters$ - #B'&,/[d\,r;IynvvFuq4rx<+0rd"VE|QF7"e^J|\[}0!O/!
11:45:32.509 [scala-execution-context-global-14] INFO  HelperUtils.Parameters$ - AuBzG\?5B{@qD{
11:45:32.523 [scala-execution-context-global-14] DEBUG HelperUtils.Parameters$ - +1EkJwcw6!dgl+56%fPSkr.TLZQ?~V86Hx,dD{;xKAs1R$:-a`0\LwU^*{%U
11:45:32.535 [scala-execution-context-global-14] WARN  HelperUtils.Parameters$ - %f2I!y./1<N}O."p\=bw3RNDUdgwms5}k0+JFro**a;O)zczE#luYk
11:45:32.548 [scala-execution-context-global-14] WARN  HelperUtils.Parameters$ - Xrzi*y0%y-DV?E>j&r}wFxV;O<YNa#kbXE0b3W?t)Fs6{<AbCyL%Nx.jD/](
11:45:32.561 [scala-execution-context-global-14] INFO  HelperUtils.Parameters$ - fl7E7/=s@uwACqZ9qC5lcf0cf3V9sae3Q6fcf0S5qcg2oVIb\Pq2|*~[Ds
11:45:32.576 [scala-execution-context-global-14] INFO  HelperUtils.Parameters$ - qvO$qw.5>Vqwz*:j35dyYgITcT\o
11:45:32.590 [scala-execution-context-global-14] INFO  HelperUtils.Parameters$ - ?uU5\^?;(T=f.;;.c+E6
11:45:32.604 [scala-execution-context-global-14] INFO  HelperUtils.Parameters$ - V]tu)x~+fS,}L|zB%XVu`\8p&OlN2RU"}K698EmF-;Yz5Q}|
11:45:32.617 [scala-execution-context-global-14] INFO  HelperUtils.Parameters$ - o5fv<'-qOF:n+RBfJYqtT-=35V6/G3UQ!CJm~<!~zAjP9In,WoLO
11:45:32.631 [scala-execution-context-global-14] INFO  HelperUtils.Parameters$ - YIV`oZ,ln{n/[jduV']n9A
11:45:32.644 [scala-execution-context-global-14] INFO  HelperUtils.Parameters$ - W%=sL+v\>.kFo*/+U!*l;;}U2dd]<ck1`8
11:45:32.657 [scala-execution-context-global-14] ERROR HelperUtils.Parameters$ - H^|BvOclE@MQ`Q7\VLErv<$P,:YgeU-*|108W<l$bw6P2Y-6zi`j
11:45:32.671 [scala-execution-context-global-14] WARN  HelperUtils.Parameters$ - V|GxH509dg$eTn0&NUGbOT^r>z[[]7,jGJv2ZT8?(940nb\Nwy6ow{[x'o
11:45:32.684 [scala-execution-context-global-14] INFO  HelperUtils.Parameters$ - h_$JnKT\qV8pcf2ag3cf2V5naf3Y9waf3cg33k:S\uU4q
11:45:32.696 [scala-execution-context-global-14] INFO  HelperUtils.Parameters$ - 1uXJcO@h(y[b[on~BznUlXjAVhk=c(wVuFO@gDw6?i
11:45:32.710 [scala-execution-context-global-14] WARN  HelperUtils.Parameters$ - X@l:ZE{FRK8\4&BZmfqybtS4nlOBz/e<
11:45:32.723 [scala-execution-context-global-14] INFO  HelperUtils.Parameters$ - \APR$b'W3]WW"LoWt1Px
11:45:32.737 [scala-execution-context-global-14] INFO  HelperUtils.Parameters$ - WE@l+1Z'3Tk=T"hLVFt4iPy!4{Wz7oOWB=Sj~cck}j&Ma8"N)@d)
11:45:32.751 [scala-execution-context-global-14] INFO  HelperUtils.Parameters$ - |a6=G**+\S3g'/
11:45:32.765 [scala-execution-context-global-14] INFO  HelperUtils.Parameters$ - T]4SyD5G9l0H$''EG/L!4tWd3JmH!Axpsa0PCp9iXy
11:45:32.778 [scala-execution-context-global-14] INFO  HelperUtils.Parameters$ - s:|T.Jum-xDOPZ1v?zRuZaiH,[+Gaff~=0
11:45:32.792 [scala-execution-context-global-14] DEBUG HelperUtils.Parameters$ - 2C6Xnhmc6{<2vA=^+[=._,p3
11:45:32.805 [scala-execution-context-global-14] WARN  HelperUtils.Parameters$ - _QYpzl"^"Zcw#].[[~;5Vfq}
11:45:32.818 [scala-execution-context-global-14] ERROR HelperUtils.Parameters$ - &O&SAWS]fNF+
11:45:32.831 [scala-execution-context-global-14] INFO  HelperUtils.Parameters$ - _wP+0?8Mdv$/~^|$:.+hKQ#hiyC"rMuUcs6/cZYn=<^P
11:45:32.844 [scala-execution-context-global-14] INFO  HelperUtils.Parameters$ - B$G%pkn1v#?|fWFh\axg'(qr5j<L21nVqke\.'~)+vu`oEMJtDp;5}^YFzIP
11:45:32.858 [scala-execution-context-global-14] INFO  HelperUtils.Parameters$ - T&RZ(w|[?~elUruY3V_G`bCL7zZFYyWdM)i<m"gl@*z7077D1@bn
11:45:32.871 [scala-execution-context-global-14] INFO  HelperUtils.Parameters$ - ~EB|,uTc=3d?abSDBd"{EL*/>7OU;G8sqG3:|fj<z#
11:45:32.885 [scala-execution-context-global-14] INFO  HelperUtils.Parameters$ - 9gR'[)65FYKa}%Mk8}8>
11:45:32.897 [scala-execution-context-global-14] INFO  HelperUtils.Parameters$ - F6rj!VHd82>[vIyR,Jn|$qQag1cg2be0ag1G6wE7pbf2JZ8Is?,u,JE{>3(Rae`S2%L
11:45:32.913 [scala-execution-context-global-14] INFO  HelperUtils.Parameters$ - 1_@MUO`,U(mFK\Sl%aO7y@/>M(UHg}]xdNnAZZfm~G(uZ[1_b]
11:45:32.927 [scala-execution-context-global-14] INFO  HelperUtils.Parameters$ - 053dIk@j-SL~dcLv%_J5+.J6~Q#ulsV-;='"o>Y1$"X3~rA<b)Yl)hvN
11:45:32.940 [scala-execution-context-global-14] INFO  HelperUtils.Parameters$ - :;JO|q+y_.d1g1a~s=~>*evq2a;1
11:45:32.954 [scala-execution-context-global-14] INFO  HelperUtils.Parameters$ - ls1,R4h.;>zcp9:}oem+%#i6"?bZ9ccDbgb]dJ:$`Vc=SXG:4i
11:45:32.968 [scala-execution-context-global-14] DEBUG HelperUtils.Parameters$ - +RT~<yl}DSh^dF
11:45:32.982 [scala-execution-context-global-14] INFO  HelperUtils.Parameters$ - R(j85S(eC+4H-yjKKZ7mmK+bjF,h;yM1`|x&folbjKx_
11:45:32.995 [scala-execution-context-global-14] INFO  HelperUtils.Parameters$ - ((1=gaqLZ+'UD3Cnp5ZbrP
11:45:33.011 [scala-execution-context-global-14] WARN  HelperUtils.Parameters$ - x`.2^p8jhH!8a(q[kr!q>,2.F:'"ny$?TI
11:45:33.025 [scala-execution-context-global-14] INFO  HelperUtils.Parameters$ - SjPXhb||fGv-.;7:q"&\p${[A"
11:45:33.039 [scala-execution-context-global-14] ERROR HelperUtils.Parameters$ - OkFy3c,qG#F_(|@D+&-g=yd[V@:j6s-1e*})IH(&
11:45:33.052 [scala-execution-context-global-14] INFO  HelperUtils.Parameters$ - 9QKJJr~@j5a^P*p2Bb&;
11:45:33.067 [scala-execution-context-global-14] INFO  HelperUtils.Parameters$ - pGtqB^|Fe%2B\b$%tr'"KRjSpS<a-V<|WE\6\8(4Xvt1E_
11:45:33.081 [scala-execution-context-global-14] WARN  HelperUtils.Parameters$ - n&b<oi@YPVf!hf+I{L$MKEbdaLF'C7I#(3i0Z[sRJ$D+jmn}w'^-9L>"/@
11:45:33.093 [scala-execution-context-global-14] WARN  HelperUtils.Parameters$ - F+yek+eDzTrkLu!2)\hBH-g+Eb^h(@d+0?eq~Jyz
11:45:33.108 [scala-execution-context-global-14] INFO  HelperUtils.Parameters$ - u$guuv"4Z~CC]yoLM`g,2}Dfz3
11:45:33.121 [scala-execution-context-global-14] INFO  HelperUtils.Parameters$ - LMD_<lNe4}z-)bbO?Aw4zS{t-[q|ILr+[j([*$3(th
11:45:33.134 [scala-execution-context-global-14] DEBUG HelperUtils.Parameters$ - o\9yw3^Z{wFg}t?HO:<}lxK:v_W(*Kn,`dfXAA>R{{:c0?EN
11:45:33.147 [scala-execution-context-global-14] DEBUG HelperUtils.Parameters$ - Ji"J@KuUg$tS
11:45:33.162 [scala-execution-context-global-14] DEBUG HelperUtils.Parameters$ - IwX0;D,K>3}7aG3]H5UdBKa#,nvl(H+4<N?v
11:45:33.175 [scala-execution-context-global-14] INFO  HelperUtils.Parameters$ - #n@*X6y_+7,;39RvzI4&j[
11:45:33.189 [scala-execution-context-global-14] INFO  HelperUtils.Parameters$ - L?'.1'nIf,5,/(
11:45:33.202 [scala-execution-context-global-14] WARN  HelperUtils.Parameters$ - |c.'`)d`~.K,h-7Qc>sRx<tedHF-hR#X"EsKUh@WC%;H]zS'd..jGo"#EZcY
11:45:33.215 [scala-execution-context-global-14] INFO  HelperUtils.Parameters$ - \(+-gyh$F>E.
11:45:33.228 [scala-execution-context-global-14] INFO  HelperUtils.Parameters$ - ICa':3B:ZH-[m*IG5g
11:45:33.241 [scala-execution-context-global-14] DEBUG HelperUtils.Parameters$ - >0[_uPl[GQcHJ<_tpm)g\mF;SwE@'0,#l$*4I^)|IBKCN>b(/]NEnu]G6Q
11:45:33.255 [scala-execution-context-global-14] INFO  HelperUtils.Parameters$ - oqXmh]SamrQ"M`I;D/e6ytb5J}x),^z,B_fESIF+
11:45:33.270 [scala-execution-context-global-14] INFO  HelperUtils.Parameters$ - %<n96\4QX>E5;O.bav[%KLMd>P%;,"h{1,s%r:;~\:Yj
11:45:33.284 [scala-execution-context-global-14] DEBUG HelperUtils.Parameters$ - YJ*O)R~\mq`JuaXLE*mylHt.T5mcf3ag3bg1be1.'@U7i2-R`,"*\';VmBN|lb!
11:45:33.297 [scala-execution-context-global-14] INFO  HelperUtils.Parameters$ - k<xPa|W\3Z9gcg3cg3ae2ce3X7pH7kbe2^T?|>Oo*/
11:45:33.311 [scala-execution-context-global-14] DEBUG HelperUtils.Parameters$ - eKyepis.|1Q]~J/c
11:45:33.324 [scala-execution-context-global-14] WARN  HelperUtils.Parameters$ - xpL<oaf'(PZKtI?R"D6_TY?CLW,;`\m[de9T
11:45:33.338 [scala-execution-context-global-14] INFO  HelperUtils.Parameters$ - }?{WQ[5UUZm:R]-L$;e`_1$ks$fGsjQFdXU-E*0xfBP$@jfn].3%>@X.
11:45:33.353 [scala-execution-context-global-14] INFO  HelperUtils.Parameters$ - dzv){BS5q4/v~[6E*?(`87X6oABNYx@"[I]C|sFCPbFw.T27wPh;!h
11:45:33.365 [scala-execution-context-global-14] INFO  HelperUtils.Parameters$ - fuHN9]Zw1w:?Tdc_J{:4[_qZAQo}>t;tQG4&jZc&.?f!:4_"lN=W
11:45:33.379 [scala-execution-context-global-14] INFO  HelperUtils.Parameters$ - =H75&5aCne$x
11:45:33.392 [scala-execution-context-global-14] INFO  HelperUtils.Parameters$ - <xxG%(cRTgmY&FU*z+V_Ib~*q46RF8<%
11:45:33.406 [scala-execution-context-global-14] INFO  HelperUtils.Parameters$ - O$AT^1cB"cE5/ce0ag3ce0cg2D7gR5wh|tnsV*Q7At,q
11:45:33.420 [scala-execution-context-global-14] INFO  HelperUtils.Parameters$ - ~s/JjWME2{TP]9:/7Y>Ma9;e"/-g
11:45:33.434 [scala-execution-context-global-14] INFO  HelperUtils.Parameters$ - ceA;pj/W+\f6u`VfmG?)zZ\~f;*sHJ*;{^
11:45:33.446 [scala-execution-context-global-14] INFO  HelperUtils.Parameters$ - ,xUya]hnG+y++^O>
11:45:33.459 [scala-execution-context-global-14] INFO  HelperUtils.Parameters$ - >D}r}ojcQU"jZ.+6WV
11:45:33.472 [scala-execution-context-global-14] INFO  HelperUtils.Parameters$ - 2=~16zu?UFp'IoSx}-|z;,E?UX&cs"n)0pZfQ7:$qC%.J)
11:45:33.486 [scala-execution-context-global-14] INFO  HelperUtils.Parameters$ - u^9IV&n=yB@WKBhq_mW2C5tce2ce0ag2Y5tcf0R5iD5w<Ta=%6gk<o*F<g]%~ifV
11:45:33.500 [scala-execution-context-global-14] INFO  HelperUtils.Parameters$ - zc+k1M#][V]AoyY=:U]{w"L.q7B#iELRY}
11:45:33.514 [scala-execution-context-global-14] INFO  HelperUtils.Parameters$ - l2`_@{NNhSqWuMGOq-(0vX^-+OyJ2vmJ*cP;NxD[]ynToyD7'1
11:45:33.527 [scala-execution-context-global-14] INFO  HelperUtils.Parameters$ - TV;}yIS.v2V^F[kTu9U6m07d,I%U3("[@k9u:rVcec4:6v9H
11:45:33.541 [scala-execution-context-global-14] INFO  HelperUtils.Parameters$ - L)"pKScTB-W5bA)XT%J>LctfM+
11:45:33.556 [scala-execution-context-global-14] INFO  HelperUtils.Parameters$ - -a};X%!0t[/8;\-w,ya"R=jmeI"$ae1~E;4Xya#~
11:45:33.569 [scala-execution-context-global-14] INFO  HelperUtils.Parameters$ - j}`"D=>8ytT>"6Hf!^)O`S#l~X5Z
11:45:33.582 [scala-execution-context-global-14] INFO  HelperUtils.Parameters$ - e_,H;\GCs8[oCL=U@~DHHcxShqn?Xo?;6_6ak>1f/|r;4}+.
11:45:33.596 [scala-execution-context-global-14] INFO  HelperUtils.Parameters$ - >RCuX'=e\q~D4:{P<*_j^ymE8lL8rG9tG5mag2C:T>#r<|/6}i}67(fcTGlm~
11:45:33.608 [scala-execution-context-global-14] ERROR HelperUtils.Parameters$ - ?a8V-VtJ|e!mo6FpePh|eF<onz-RyL*@HYk44Ce8,j
11:45:33.621 [scala-execution-context-global-14] INFO  HelperUtils.Parameters$ - $}[A@d#u#sC6>vjqD3HBad.+
11:45:33.635 [scala-execution-context-global-14] INFO  HelperUtils.Parameters$ - )J^u6**P-~ae0af0bf0ae2ag1Y5ftex\%ZmOb(
11:45:33.648 [scala-execution-context-global-14] INFO  HelperUtils.Parameters$ - bh?/GwvRj8\T?bX/
11:45:33.662 [scala-execution-context-global-14] DEBUG HelperUtils.Parameters$ - 5',<i=^]'w5jdas.0h
11:45:33.675 [scala-execution-context-global-14] INFO  HelperUtils.Parameters$ - K[+},gNfbo/7"-L>Mj|kW#=)Ll?J]p
11:45:33.689 [scala-execution-context-global-14] INFO  HelperUtils.Parameters$ - El*)fEljlE:PN")4(v26f-/9gzh(59IjzL#V$,%8-\9bgO(!{<
11:45:33.703 [scala-execution-context-global-14] INFO  HelperUtils.Parameters$ - mJsE0IjQ6e6)]7QL_[^T>F7UTW@weJcC/x1G8F=A'|?ZJ'^Fp#8^K+
11:45:33.718 [scala-execution-context-global-14] INFO  HelperUtils.Parameters$ - A[O9o2[|p>-1x]x7]+>lhsFv<Z'W
11:45:33.732 [scala-execution-context-global-14] INFO  HelperUtils.Parameters$ - AUe-Ftibf6][HvJ&{*^yv%@I@A`FW@L~{xL=4+m_Oy?-}?)S9QAyd=PJwa#_
11:45:33.746 [scala-execution-context-global-14] DEBUG HelperUtils.Parameters$ - ?JZp5u"X@tFdNsM(%g`cFaGEO"O9=MI7UK<XCd2W10TzkT|"G?Tdfg&3x2
11:45:33.759 [scala-execution-context-global-14] DEBUG HelperUtils.Parameters$ - ZWo(1TA^eI#xJ:yW/00}acJd<~!{$pS1~5'@'1NK3!
11:45:33.772 [scala-execution-context-global-14] INFO  HelperUtils.Parameters$ - z\P0}K`/&s:B;>x2?POBdbf0be1N6hC9qbe2%6$&+I,yMJH<CV({C@Fa[
11:45:33.785 [scala-execution-context-global-14] INFO  HelperUtils.Parameters$ - 'T?t]9D*V@gQu(|Z58&p
11:45:33.798 [scala-execution-context-global-14] WARN  HelperUtils.Parameters$ - yK-2f-xSlKu)~NJa#vXbg0cg0C9mP6nL8jP9iJ8mbf0ag0cf3Q9vQ7wF6jk3xU0WvDUY~15|@T#hC
11:45:33.812 [scala-execution-context-global-14] INFO  HelperUtils.Parameters$ - h6U#(^7%Fo%A([PZdF1h$`rwn#,%o8DIbPH8.y[J^mYKZkU[QX
11:45:33.827 [scala-execution-context-global-14] INFO  HelperUtils.Parameters$ - 8xAD!wbZYwu]FL
11:45:33.841 [scala-execution-context-global-14] INFO  HelperUtils.Parameters$ - ,>~G_HCw6XX0n2Rbq%o`aN%#=s\,PiG`?fbNc"9D}KyA
11:45:33.855 [scala-execution-context-global-14] INFO  HelperUtils.Parameters$ - Z[gV!BK3[sY?$5"K/gEjE"M#J9wX7rS7jM7qC7s)_b,o8nKb[*bz3~p6+=eUKkx
11:45:33.868 [scala-execution-context-global-14] INFO  HelperUtils.Parameters$ - 8x\"RpH~ttoWF5rD4{6ZP:;?eVLx%<sd
11:45:33.882 [scala-execution-context-global-14] WARN  HelperUtils.Parameters$ - 3}^v{K1!i%HP-UQM@Ud$5&A6gae3ce1ag0cf2Z9pK6kT7tce3J6ibf2bg2|9u=#@)=fsy/.iCqxu%n\%
11:45:33.894 [scala-execution-context-global-14] INFO  HelperUtils.Parameters$ - :xS2CjS6fl.H/ye*m4yQp5Z2$u`'fcREA'bK?7;|Nmb{2mqKM]
11:45:33.909 [scala-execution-context-global-14] WARN  HelperUtils.Parameters$ - ^WVQUkb''XZr)N&=&V$/IZX|AS<aBKukv5
11:45:33.921 [scala-execution-context-global-14] INFO  HelperUtils.Parameters$ - Q7o~6SLQPqq_u:l3
11:45:33.936 [scala-execution-context-global-14] INFO  HelperUtils.Parameters$ - |^Qj#(n4E^C(A'2(Y;],
11:45:33.951 [scala-execution-context-global-14] INFO  HelperUtils.Parameters$ - 7^d|k2^MRQdI+/%ZRi%xO\;+Z);bf0cf3ae3E9qK6mcg0be0rNvJ69R#40F=cY]bnkdqwmKqAMk
11:45:33.965 [scala-execution-context-global-14] INFO  HelperUtils.Parameters$ - l5d1^\JQd[?Oj_4Gfg5jNQ'8
11:45:33.979 [scala-execution-context-global-14] INFO  HelperUtils.Parameters$ - HQBE-fH"K?Lrd!sur>@{tF6&.KZkr@1t|,p;O)@>#[1<x!;W
11:45:33.992 [scala-execution-context-global-14] INFO  HelperUtils.Parameters$ - L!UYhuV[Z;Lm8.0WOk}YIS7qae2E8mce1X5gC6s;s:@_f.<]{.~6</RrA,]H
11:45:34.005 [scala-execution-context-global-14] INFO  HelperUtils.Parameters$ - k[SQj]3;KE~l6."<H`XN+O8.w)5STdg^@;-e(tJxVgDha?<H}v+-f(
11:45:34.017 [scala-execution-context-global-14] WARN  HelperUtils.Parameters$ - "1:P:r,<32^,$s?7R)rCNb~+Pp<B9d'6&Q*mT~~qS}9C
11:45:34.032 [scala-execution-context-global-14] DEBUG HelperUtils.Parameters$ - hA?GvP^ERydYc`-4/qaOUp)z'Kwm(ux+
11:45:34.046 [scala-execution-context-global-14] DEBUG HelperUtils.Parameters$ - 4c%A~xH1jJXg;JkneV~+h5K{+LhFCk`pV4`k
11:45:34.060 [scala-execution-context-global-14] INFO  HelperUtils.Parameters$ - q"R/e0Guti60}8Ua{rT?=0
11:45:34.074 [scala-execution-context-global-14] DEBUG HelperUtils.Parameters$ - ovVnT4iW^\XFB|,_YdtJPDE\j|Y%TOtRjLO*xPy}VEIGIu\l~9
11:45:34.087 [scala-execution-context-global-14] WARN  HelperUtils.Parameters$ - )Xmz3kR`*s/keY{*T.di;rQUq[
11:45:34.100 [scala-execution-context-global-14] DEBUG HelperUtils.Parameters$ - GLEehOJX0pM<&J#R|4^0:2OY&kc23K$:iPw;F=&*emA_L9{'
11:45:34.115 [scala-execution-context-global-14] DEBUG HelperUtils.Parameters$ - iD$A@Xg9$Q?&/`Y9\Ac#Lf(@jz7)VYVS
11:45:34.129 [scala-execution-context-global-14] INFO  HelperUtils.Parameters$ - +J&/)"}n{EV]&N8PyM
11:45:34.141 [scala-execution-context-global-14] INFO  HelperUtils.Parameters$ - u5d&28G+[af0Y7tJ8kce0Y6pE5ubf01'iR>9E]N
11:45:34.155 [scala-execution-context-global-14] INFO  HelperUtils.Parameters$ - ;NgJ3PV;1d|C7B)4n0ae2be0Q7gT6pS5nT8hR!WAf#J>R*gf5NP>tr
11:45:34.169 [scala-execution-context-global-14] INFO  HelperUtils.Parameters$ - Rh>yn6JUF)W%Fx&Fz{`lrn1oNpR<iE&QUZ[T!W
11:45:34.182 [scala-execution-context-global-14] INFO  HelperUtils.Parameters$ - V!wj_qfzS7Mxz_z=7n;kk:O5hag2af1T9tG6lK7tag0V8fag3G7oCG6XOpdp}b1<WgzM:WdElv
11:45:34.195 [scala-execution-context-global-14] WARN  HelperUtils.Parameters$ - 4R7^-M<jaa-|<yjA4vO-6]9'9KXMP7Zf.CaAr`W{`y|t/T*b<EfF9X
11:45:34.209 [scala-execution-context-global-14] INFO  HelperUtils.Parameters$ - }@m_S]r!uSC'kd{qXU&e;Q_d]&Xnd]tHN#
11:45:34.224 [scala-execution-context-global-14] WARN  HelperUtils.Parameters$ - 4dz;G{g_9JephS4e
11:45:34.238 [scala-execution-context-global-14] INFO  HelperUtils.Parameters$ - +UDgDM!^/m4]L.0Jz94Wy|%g
11:45:34.250 [scala-execution-context-global-14] INFO  HelperUtils.Parameters$ - I$M,Fz}C:G\6mk
11:45:34.251 [main] INFO  GenerateLogData$ - Log data generation has completed after generating 5000 records.
